Copyright 1986-2016 Xilinx, Inc. All Rights Reserved.
------------------------------------------------------------------------------------
| Tool Version : Vivado v.2016.2 (win64) Build 1577090 Thu Jun  2 16:32:40 MDT 2016
| Date         : Fri Dec 29 16:56:28 2017
| Host         : yuze_pc running 64-bit major release  (build 9200)
| Command      : report_timing_summary -file timing_impl.log
| Design       : system_top
| Device       : 7z020-clg484
| Speed File   : -1  PRODUCTION 1.11 2014-09-11
------------------------------------------------------------------------------------

Timing Summary Report

------------------------------------------------------------------------------------------------
| Timer Settings
| --------------
------------------------------------------------------------------------------------------------

  Enable Multi Corner Analysis               :  Yes
  Enable Pessimism Removal                   :  Yes
  Pessimism Removal Resolution               :  Nearest Common Node
  Enable Input Delay Default Clock           :  No
  Enable Preset / Clear Arcs                 :  No
  Disable Flight Delays                      :  No
  Ignore I/O Paths                           :  No
  Timing Early Launch at Borrowing Latches   :  false

  Corner  Analyze    Analyze    
  Name    Max Paths  Min Paths  
  ------  ---------  ---------  
  Slow    Yes        Yes        
  Fast    Yes        Yes        



check_timing report

Table of Contents
-----------------
1. checking no_clock
2. checking constant_clock
3. checking pulse_width_clock
4. checking unconstrained_internal_endpoints
5. checking no_input_delay
6. checking no_output_delay
7. checking multiple_clock
8. checking generated_clocks
9. checking loops
10. checking partial_input_delay
11. checking partial_output_delay
12. checking latch_loops

1. checking no_clock
--------------------
 There are 0 register/latch pins with no clock.


2. checking constant_clock
--------------------------
 There are 0 register/latch pins with constant_clock.


3. checking pulse_width_clock
-----------------------------
 There are 0 register/latch pins which need pulse_width check


4. checking unconstrained_internal_endpoints
--------------------------------------------
 There are 0 pins that are not constrained for maximum delay.

 There are 0 pins that are not constrained for maximum delay due to constant clock.


5. checking no_input_delay
--------------------------
 There are 7 input ports with no input delay specified. (HIGH)

 There are 0 input ports with no input delay but user has a false path constraint.


6. checking no_output_delay
---------------------------
 There are 30 ports with no output delay specified. (HIGH)

 There are 0 ports with no output delay but user has a false path constraint

 There are 0 ports with no output delay but with a timing clock defined on it or propagating through it


7. checking multiple_clock
--------------------------
 There are 0 register/latch pins with multiple clocks.


8. checking generated_clocks
----------------------------
 There are 0 generated clocks that are not connected to a clock source.


9. checking loops
-----------------
 There are 0 combinational loops in the design.


10. checking partial_input_delay
--------------------------------
 There are 0 input ports with partial input delay specified.


11. checking partial_output_delay
---------------------------------
 There are 0 ports with partial output delay specified.


12. checking latch_loops
------------------------
 There are 0 combinational latch loops in the design through latch input



------------------------------------------------------------------------------------------------
| Design Timing Summary
| ---------------------
------------------------------------------------------------------------------------------------

    WNS(ns)      TNS(ns)  TNS Failing Endpoints  TNS Total Endpoints      WHS(ns)      THS(ns)  THS Failing Endpoints  THS Total Endpoints     WPWS(ns)     TPWS(ns)  TPWS Failing Endpoints  TPWS Total Endpoints  
    -------      -------  ---------------------  -------------------      -------      -------  ---------------------  -------------------     --------     --------  ----------------------  --------------------  
      0.533        0.000                      0                13618        0.018        0.000                      0                13618        1.100        0.000                       0                  5751  


All user specified timing constraints are met.


------------------------------------------------------------------------------------------------
| Clock Summary
| -------------
------------------------------------------------------------------------------------------------

Clock                                                    Waveform(ns)         Period(ns)      Frequency(MHz)
-----                                                    ------------         ----------      --------------
clk_fpga_0                                               {0.000 5.000}        10.000          100.000         
clk_fpga_1                                               {0.000 2.500}        5.000           200.000         
  mmcm_clk_0_s                                           {0.000 3.367}        6.735           148.485         
  mmcm_fb_clk_s                                          {0.000 27.500}       55.000          18.182          
i_system_wrapper/system_i/sys_audio_clkgen/inst/clk_in1  {0.000 2.500}        5.000           200.000         
  clk_out1_system_sys_audio_clkgen_0                     {0.000 40.690}       81.380          12.288          
  clkfbout_system_sys_audio_clkgen_0                     {0.000 22.500}       45.000          22.222          


------------------------------------------------------------------------------------------------
| Intra Clock Table
| -----------------
------------------------------------------------------------------------------------------------

Clock                                                        WNS(ns)      TNS(ns)  TNS Failing Endpoints  TNS Total Endpoints      WHS(ns)      THS(ns)  THS Failing Endpoints  THS Total Endpoints     WPWS(ns)     TPWS(ns)  TPWS Failing Endpoints  TPWS Total Endpoints  
-----                                                        -------      -------  ---------------------  -------------------      -------      -------  ---------------------  -------------------     --------     --------  ----------------------  --------------------  
clk_fpga_0                                                     0.818        0.000                      0                10791        0.018        0.000                      0                10791        2.501        0.000                       0                  4619  
clk_fpga_1                                                                                                                                                                                                 1.100        0.000                       0                     2  
  mmcm_clk_0_s                                                 0.533        0.000                      0                 1450        0.027        0.000                      0                 1450        2.387        0.000                       0                  1086  
  mmcm_fb_clk_s                                                                                                                                                                                           45.000        0.000                       0                     3  
i_system_wrapper/system_i/sys_audio_clkgen/inst/clk_in1                                                                                                                                                    1.100        0.000                       0                     1  
  clk_out1_system_sys_audio_clkgen_0                          78.543        0.000                      0                   61        0.089        0.000                      0                   61       39.440        0.000                       0                    37  
  clkfbout_system_sys_audio_clkgen_0                                                                                                                                                                      42.845        0.000                       0                     3  


------------------------------------------------------------------------------------------------
| Inter Clock Table
| -----------------
------------------------------------------------------------------------------------------------

From Clock                          To Clock                                WNS(ns)      TNS(ns)  TNS Failing Endpoints  TNS Total Endpoints      WHS(ns)      THS(ns)  THS Failing Endpoints  THS Total Endpoints  
----------                          --------                                -------      -------  ---------------------  -------------------      -------      -------  ---------------------  -------------------  
clk_out1_system_sys_audio_clkgen_0  clk_fpga_0                                7.668        0.000                      0                    4                                                                        
clk_fpga_0                          clk_out1_system_sys_audio_clkgen_0       79.078        0.000                      0                    5                                                                        


------------------------------------------------------------------------------------------------
| Other Path Groups Table
| -----------------------
------------------------------------------------------------------------------------------------

Path Group         From Clock         To Clock               WNS(ns)      TNS(ns)  TNS Failing Endpoints  TNS Total Endpoints      WHS(ns)      THS(ns)  THS Failing Endpoints  THS Total Endpoints  
----------         ----------         --------               -------      -------  ---------------------  -------------------      -------      -------  ---------------------  -------------------  
**async_default**  clk_fpga_0         clk_fpga_0               2.261        0.000                      0                 1088        0.378        0.000                      0                 1088  
**async_default**  mmcm_clk_0_s       mmcm_clk_0_s             1.184        0.000                      0                  228        0.424        0.000                      0                  228  


------------------------------------------------------------------------------------------------
| Timing Details
| --------------
------------------------------------------------------------------------------------------------


---------------------------------------------------------------------------------------------------
From Clock:  clk_fpga_0
  To Clock:  clk_fpga_0

Setup :            0  Failing Endpoints,  Worst Slack        0.818ns,  Total Violation        0.000ns
Hold  :            0  Failing Endpoints,  Worst Slack        0.018ns,  Total Violation        0.000ns
PW    :            0  Failing Endpoints,  Worst Slack        2.501ns,  Total Violation        0.000ns
---------------------------------------------------------------------------------------------------


Max Delay Paths
--------------------------------------------------------------------------------------
Slack (MET) :             0.818ns  (required time - arrival time)
  Source:                 i_system_wrapper/system_i/sys_ps7/inst/PS7_i/MAXIGP0ACLK
                            (rising edge-triggered cell PS7 clocked by clk_fpga_0  {rise@0.000ns fall@5.000ns period=10.000ns})
  Destination:            i_system_wrapper/system_i/axi_iic_main/U0/X_IIC/REG_INTERFACE_I/cr_i_reg[3]/D
                            (rising edge-triggered cell FDRE clocked by clk_fpga_0  {rise@0.000ns fall@5.000ns period=10.000ns})
  Path Group:             clk_fpga_0
  Path Type:              Setup (Max at Slow Process Corner)
  Requirement:            10.000ns  (clk_fpga_0 rise@10.000ns - clk_fpga_0 rise@0.000ns)
  Data Path Delay:        8.872ns  (logic 1.450ns (16.344%)  route 7.422ns (83.656%))
  Logic Levels:           0  
  Clock Path Skew:        -0.089ns (DCD - SCD + CPR)
    Destination Clock Delay (DCD):    2.826ns = ( 12.826 - 10.000 ) 
    Source Clock Delay      (SCD):    3.031ns
    Clock Pessimism Removal (CPR):    0.115ns
  Clock Uncertainty:      0.154ns  ((TSJ^2 + TIJ^2)^1/2 + DJ) / 2 + PE
    Total System Jitter     (TSJ):    0.071ns
    Total Input Jitter      (TIJ):    0.300ns
    Discrete Jitter          (DJ):    0.000ns
    Phase Error              (PE):    0.000ns

    Location             Delay type                Incr(ns)  Path(ns)    Netlist Resource(s)
  -------------------------------------------------------------------    -------------------
                         (clock clk_fpga_0 rise edge)
                                                      0.000     0.000 r  
    PS7_X0Y0             PS7                          0.000     0.000 r  i_system_wrapper/system_i/sys_ps7/inst/PS7_i/FCLKCLK[0]
                         net (fo=1, routed)           1.193     1.193    i_system_wrapper/system_i/sys_ps7/inst/FCLK_CLK_unbuffered[0]
    BUFGCTRL_X0Y16       BUFG (Prop_bufg_I_O)         0.101     1.294 r  i_system_wrapper/system_i/sys_ps7/inst/buffer_fclk_clk_0.FCLK_CLK_0_BUFG/O
                         net (fo=4623, routed)        1.737     3.031    i_system_wrapper/system_i/sys_ps7/inst/M_AXI_GP0_ACLK
    PS7_X0Y0             PS7                                          r  i_system_wrapper/system_i/sys_ps7/inst/PS7_i/MAXIGP0ACLK
  -------------------------------------------------------------------    -------------------
    PS7_X0Y0             PS7 (Prop_ps7_MAXIGP0ACLK_MAXIGP0WDATA[4])
                                                      1.450     4.481 r  i_system_wrapper/system_i/sys_ps7/inst/PS7_i/MAXIGP0WDATA[4]
                         net (fo=34, routed)          7.422    11.903    i_system_wrapper/system_i/axi_iic_main/U0/X_IIC/REG_INTERFACE_I/s_axi_wdata[4]
    SLICE_X7Y19          FDRE                                         r  i_system_wrapper/system_i/axi_iic_main/U0/X_IIC/REG_INTERFACE_I/cr_i_reg[3]/D
  -------------------------------------------------------------------    -------------------

                         (clock clk_fpga_0 rise edge)
                                                     10.000    10.000 r  
    PS7_X0Y0             PS7                          0.000    10.000 r  i_system_wrapper/system_i/sys_ps7/inst/PS7_i/FCLKCLK[0]
                         net (fo=1, routed)           1.088    11.088    i_system_wrapper/system_i/sys_ps7/inst/FCLK_CLK_unbuffered[0]
    BUFGCTRL_X0Y16       BUFG (Prop_bufg_I_O)         0.091    11.179 r  i_system_wrapper/system_i/sys_ps7/inst/buffer_fclk_clk_0.FCLK_CLK_0_BUFG/O
                         net (fo=4623, routed)        1.647    12.826    i_system_wrapper/system_i/axi_iic_main/U0/X_IIC/REG_INTERFACE_I/s_axi_aclk
    SLICE_X7Y19          FDRE                                         r  i_system_wrapper/system_i/axi_iic_main/U0/X_IIC/REG_INTERFACE_I/cr_i_reg[3]/C
                         clock pessimism              0.115    12.941    
                         clock uncertainty           -0.154    12.787    
    SLICE_X7Y19          FDRE (Setup_fdre_C_D)       -0.067    12.720    i_system_wrapper/system_i/axi_iic_main/U0/X_IIC/REG_INTERFACE_I/cr_i_reg[3]
  -------------------------------------------------------------------
                         required time                         12.720    
                         arrival time                         -11.903    
  -------------------------------------------------------------------
                         slack                                  0.818    





Min Delay Paths
--------------------------------------------------------------------------------------
Slack (MET) :             0.018ns  (arrival time - required time)
  Source:                 i_system_wrapper/system_i/axi_hdmi_core/inst/i_vdma/vdma_wdata_reg[30]/C
                            (rising edge-triggered cell FDRE clocked by clk_fpga_0  {rise@0.000ns fall@5.000ns period=10.000ns})
  Destination:            i_system_wrapper/system_i/axi_hdmi_core/inst/i_tx_core/i_mem/m_ram_reg/DIADI[30]
                            (rising edge-triggered cell RAMB36E1 clocked by clk_fpga_0  {rise@0.000ns fall@5.000ns period=10.000ns})
  Path Group:             clk_fpga_0
  Path Type:              Hold (Min at Fast Process Corner)
  Requirement:            0.000ns  (clk_fpga_0 rise@0.000ns - clk_fpga_0 rise@0.000ns)
  Data Path Delay:        0.371ns  (logic 0.141ns (37.976%)  route 0.230ns (62.024%))
  Logic Levels:           0  
  Clock Path Skew:        0.057ns (DCD - SCD - CPR)
    Destination Clock Delay (DCD):    1.237ns
    Source Clock Delay      (SCD):    0.900ns
    Clock Pessimism Removal (CPR):    0.280ns

    Location             Delay type                Incr(ns)  Path(ns)    Netlist Resource(s)
  -------------------------------------------------------------------    -------------------
                         (clock clk_fpga_0 rise edge)
                                                      0.000     0.000 r  
    PS7_X0Y0             PS7                          0.000     0.000 r  i_system_wrapper/system_i/sys_ps7/inst/PS7_i/FCLKCLK[0]
                         net (fo=1, routed)           0.310     0.310    i_system_wrapper/system_i/sys_ps7/inst/FCLK_CLK_unbuffered[0]
    BUFGCTRL_X0Y16       BUFG (Prop_bufg_I_O)         0.026     0.336 r  i_system_wrapper/system_i/sys_ps7/inst/buffer_fclk_clk_0.FCLK_CLK_0_BUFG/O
                         net (fo=4623, routed)        0.564     0.900    i_system_wrapper/system_i/axi_hdmi_core/inst/i_vdma/vdma_clk
    SLICE_X33Y45         FDRE                                         r  i_system_wrapper/system_i/axi_hdmi_core/inst/i_vdma/vdma_wdata_reg[30]/C
  -------------------------------------------------------------------    -------------------
    SLICE_X33Y45         FDRE (Prop_fdre_C_Q)         0.141     1.041 r  i_system_wrapper/system_i/axi_hdmi_core/inst/i_vdma/vdma_wdata_reg[30]/Q
                         net (fo=2, routed)           0.230     1.271    i_system_wrapper/system_i/axi_hdmi_core/inst/i_tx_core/i_mem/vdma_wdata_reg[47][30]
    RAMB36_X2Y8          RAMB36E1                                     r  i_system_wrapper/system_i/axi_hdmi_core/inst/i_tx_core/i_mem/m_ram_reg/DIADI[30]
  -------------------------------------------------------------------    -------------------

                         (clock clk_fpga_0 rise edge)
                                                      0.000     0.000 r  
    PS7_X0Y0             PS7                          0.000     0.000 r  i_system_wrapper/system_i/sys_ps7/inst/PS7_i/FCLKCLK[0]
                         net (fo=1, routed)           0.337     0.337    i_system_wrapper/system_i/sys_ps7/inst/FCLK_CLK_unbuffered[0]
    BUFGCTRL_X0Y16       BUFG (Prop_bufg_I_O)         0.029     0.366 r  i_system_wrapper/system_i/sys_ps7/inst/buffer_fclk_clk_0.FCLK_CLK_0_BUFG/O
                         net (fo=4623, routed)        0.871     1.237    i_system_wrapper/system_i/axi_hdmi_core/inst/i_tx_core/i_mem/vdma_clk
    RAMB36_X2Y8          RAMB36E1                                     r  i_system_wrapper/system_i/axi_hdmi_core/inst/i_tx_core/i_mem/m_ram_reg/CLKBWRCLK
                         clock pessimism             -0.280     0.957    
    RAMB36_X2Y8          RAMB36E1 (Hold_ramb36e1_CLKBWRCLK_DIADI[30])
                                                      0.296     1.253    i_system_wrapper/system_i/axi_hdmi_core/inst/i_tx_core/i_mem/m_ram_reg
  -------------------------------------------------------------------
                         required time                         -1.253    
                         arrival time                           1.271    
  -------------------------------------------------------------------
                         slack                                  0.018    





Pulse Width Checks
--------------------------------------------------------------------------------------
Clock Name:         clk_fpga_0
Waveform(ns):       { 0.000 5.000 }
Period(ns):         10.000
Sources:            { i_system_wrapper/system_i/sys_ps7/inst/PS7_i/FCLKCLK[0] }

Check Type        Corner  Lib Pin          Reference Pin  Required(ns)  Actual(ns)  Slack(ns)  Location         Pin
Min Period        n/a     MMCME2_ADV/DCLK  n/a            4.999         10.000      5.001      MMCME2_ADV_X0Y0  i_system_wrapper/system_i/axi_hdmi_clkgen/inst/i_mmcm_drp/i_mmcm/DCLK
Low Pulse Width   Slow    MMCME2_ADV/DCLK  n/a            2.500         5.000       2.501      MMCME2_ADV_X0Y0  i_system_wrapper/system_i/axi_hdmi_clkgen/inst/i_mmcm_drp/i_mmcm/DCLK
High Pulse Width  Slow    MMCME2_ADV/DCLK  n/a            2.500         5.000       2.501      MMCME2_ADV_X0Y0  i_system_wrapper/system_i/axi_hdmi_clkgen/inst/i_mmcm_drp/i_mmcm/DCLK



---------------------------------------------------------------------------------------------------
From Clock:  clk_fpga_1
  To Clock:  clk_fpga_1

Setup :           NA  Failing Endpoints,  Worst Slack           NA  ,  Total Violation           NA
Hold  :           NA  Failing Endpoints,  Worst Slack           NA  ,  Total Violation           NA
PW    :            0  Failing Endpoints,  Worst Slack        1.100ns,  Total Violation        0.000ns
---------------------------------------------------------------------------------------------------


Pulse Width Checks
--------------------------------------------------------------------------------------
Clock Name:         clk_fpga_1
Waveform(ns):       { 0.000 2.500 }
Period(ns):         5.000
Sources:            { i_system_wrapper/system_i/sys_ps7/inst/PS7_i/FCLKCLK[1] }

Check Type        Corner  Lib Pin            Reference Pin  Required(ns)  Actual(ns)  Slack(ns)  Location         Pin
Min Period        n/a     BUFG/I             n/a            2.155         5.000       2.845      BUFGCTRL_X0Y17   i_system_wrapper/system_i/sys_ps7/inst/buffer_fclk_clk_1.FCLK_CLK_1_BUFG/I
Max Period        n/a     MMCME2_ADV/CLKIN1  n/a            100.000       5.000       95.000     MMCME2_ADV_X0Y0  i_system_wrapper/system_i/axi_hdmi_clkgen/inst/i_mmcm_drp/i_mmcm/CLKIN1
Low Pulse Width   Slow    MMCME2_ADV/CLKIN1  n/a            1.400         2.500       1.100      MMCME2_ADV_X0Y0  i_system_wrapper/system_i/axi_hdmi_clkgen/inst/i_mmcm_drp/i_mmcm/CLKIN1
High Pulse Width  Fast    MMCME2_ADV/CLKIN1  n/a            1.400         2.500       1.100      MMCME2_ADV_X0Y0  i_system_wrapper/system_i/axi_hdmi_clkgen/inst/i_mmcm_drp/i_mmcm/CLKIN1



---------------------------------------------------------------------------------------------------
From Clock:  mmcm_clk_0_s
  To Clock:  mmcm_clk_0_s

Setup :            0  Failing Endpoints,  Worst Slack        0.533ns,  Total Violation        0.000ns
Hold  :            0  Failing Endpoints,  Worst Slack        0.027ns,  Total Violation        0.000ns
PW    :            0  Failing Endpoints,  Worst Slack        2.387ns,  Total Violation        0.000ns
---------------------------------------------------------------------------------------------------


Max Delay Paths
--------------------------------------------------------------------------------------
Slack (MET) :             0.533ns  (required time - arrival time)
  Source:                 i_system_wrapper/system_i/axi_hdmi_core/inst/i_up/i_xfer_cntrl/d_data_cntrl_reg[178]/C
                            (rising edge-triggered cell FDCE clocked by mmcm_clk_0_s  {rise@0.000ns fall@3.367ns period=6.735ns})
  Destination:            i_system_wrapper/system_i/axi_hdmi_core/inst/i_tx_core/hdmi_vs_count_reg[0]/R
                            (rising edge-triggered cell FDRE clocked by mmcm_clk_0_s  {rise@0.000ns fall@3.367ns period=6.735ns})
  Path Group:             mmcm_clk_0_s
  Path Type:              Setup (Max at Slow Process Corner)
  Requirement:            6.735ns  (mmcm_clk_0_s rise@6.735ns - mmcm_clk_0_s rise@0.000ns)
  Data Path Delay:        5.567ns  (logic 2.442ns (43.869%)  route 3.125ns (56.131%))
  Logic Levels:           7  (CARRY4=4 LUT1=1 LUT2=1 LUT4=1)
  Clock Path Skew:        -0.059ns (DCD - SCD + CPR)
    Destination Clock Delay (DCD):    2.743ns = ( 9.478 - 6.735 ) 
    Source Clock Delay      (SCD):    3.032ns
    Clock Pessimism Removal (CPR):    0.229ns
  Clock Uncertainty:      0.147ns  ((TSJ^2 + DJ^2)^1/2) / 2 + PE
    Total System Jitter     (TSJ):    0.071ns
    Discrete Jitter          (DJ):    0.286ns
    Phase Error              (PE):    0.000ns

    Location             Delay type                Incr(ns)  Path(ns)    Netlist Resource(s)
  -------------------------------------------------------------------    -------------------
                         (clock mmcm_clk_0_s rise edge)
                                                      0.000     0.000 r  
    PS7_X0Y0             PS7                          0.000     0.000 r  i_system_wrapper/system_i/sys_ps7/inst/PS7_i/FCLKCLK[1]
                         net (fo=1, routed)           1.193     1.193    i_system_wrapper/system_i/sys_ps7/inst/FCLK_CLK_unbuffered[1]
    BUFGCTRL_X0Y17       BUFG (Prop_bufg_I_O)         0.101     1.294 r  i_system_wrapper/system_i/sys_ps7/inst/buffer_fclk_clk_1.FCLK_CLK_1_BUFG/O
                         net (fo=2, routed)           1.762     3.056    i_system_wrapper/system_i/axi_hdmi_clkgen/inst/i_mmcm_drp/clk
    MMCME2_ADV_X0Y0      MMCME2_ADV (Prop_mmcme2_adv_CLKIN1_CLKOUT0)
                                                     -3.715    -0.659 r  i_system_wrapper/system_i/axi_hdmi_clkgen/inst/i_mmcm_drp/i_mmcm/CLKOUT0
                         net (fo=1, routed)           1.855     1.196    i_system_wrapper/system_i/axi_hdmi_clkgen/inst/i_mmcm_drp/mmcm_clk_0_s
    BUFGCTRL_X0Y0        BUFG (Prop_bufg_I_O)         0.101     1.297 r  i_system_wrapper/system_i/axi_hdmi_clkgen/inst/i_mmcm_drp/i_clk_0_bufg/O
                         net (fo=1084, routed)        1.735     3.032    i_system_wrapper/system_i/axi_hdmi_core/inst/i_up/i_xfer_cntrl/d_clk
    SLICE_X28Y17         FDCE                                         r  i_system_wrapper/system_i/axi_hdmi_core/inst/i_up/i_xfer_cntrl/d_data_cntrl_reg[178]/C
  -------------------------------------------------------------------    -------------------
    SLICE_X28Y17         FDCE (Prop_fdce_C_Q)         0.456     3.488 f  i_system_wrapper/system_i/axi_hdmi_core/inst/i_up/i_xfer_cntrl/d_data_cntrl_reg[178]/Q
                         net (fo=2, routed)           0.623     4.111    i_system_wrapper/system_i/axi_hdmi_core/inst/i_up/d_data_cntrl[161]
    SLICE_X28Y17         LUT1 (Prop_lut1_I0_O)        0.124     4.235 r  i_system_wrapper/system_i/axi_hdmi_core/inst/i_up/hdmi_hl_width_s_carry_i_3/O
                         net (fo=1, routed)           0.000     4.235    i_system_wrapper/system_i/axi_hdmi_core/inst/i_tx_core/S[1]
    SLICE_X28Y17         CARRY4 (Prop_carry4_S[1]_CO[3])
                                                      0.550     4.785 r  i_system_wrapper/system_i/axi_hdmi_core/inst/i_tx_core/hdmi_hl_width_s_carry/CO[3]
                         net (fo=1, routed)           0.000     4.785    i_system_wrapper/system_i/axi_hdmi_core/inst/i_tx_core/hdmi_hl_width_s_carry_n_0
    SLICE_X28Y18         CARRY4 (Prop_carry4_CI_CO[3])
                                                      0.114     4.899 r  i_system_wrapper/system_i/axi_hdmi_core/inst/i_tx_core/hdmi_hl_width_s_carry__0/CO[3]
                         net (fo=1, routed)           0.000     4.899    i_system_wrapper/system_i/axi_hdmi_core/inst/i_tx_core/hdmi_hl_width_s_carry__0_n_0
    SLICE_X28Y19         CARRY4 (Prop_carry4_CI_O[2])
                                                      0.239     5.138 r  i_system_wrapper/system_i/axi_hdmi_core/inst/i_tx_core/hdmi_hl_width_s_carry__1/O[2]
                         net (fo=2, routed)           0.886     6.024    i_system_wrapper/system_i/axi_hdmi_core/inst/i_tx_core/hdmi_hl_width_s[11]
    SLICE_X26Y20         LUT4 (Prop_lut4_I0_O)        0.302     6.326 r  i_system_wrapper/system_i/axi_hdmi_core/inst/i_tx_core/hdmi_hs_count0_carry__0_i_7/O
                         net (fo=1, routed)           0.000     6.326    i_system_wrapper/system_i/axi_hdmi_core/inst/i_tx_core/hdmi_hs_count0_carry__0_i_7_n_0
    SLICE_X26Y20         CARRY4 (Prop_carry4_S[1]_CO[3])
                                                      0.533     6.859 r  i_system_wrapper/system_i/axi_hdmi_core/inst/i_tx_core/hdmi_hs_count0_carry__0/CO[3]
                         net (fo=33, routed)          0.948     7.807    i_system_wrapper/system_i/axi_hdmi_core/inst/i_tx_core/hdmi_hs_count0_carry__0_n_0
    SLICE_X27Y21         LUT2 (Prop_lut2_I1_O)        0.124     7.931 r  i_system_wrapper/system_i/axi_hdmi_core/inst/i_tx_core/hdmi_vs_count[0]_i_1/O
                         net (fo=16, routed)          0.667     8.599    i_system_wrapper/system_i/axi_hdmi_core/inst/i_tx_core/hdmi_vs_count
    SLICE_X27Y17         FDRE                                         r  i_system_wrapper/system_i/axi_hdmi_core/inst/i_tx_core/hdmi_vs_count_reg[0]/R
  -------------------------------------------------------------------    -------------------

                         (clock mmcm_clk_0_s rise edge)
                                                      6.735     6.735 r  
    PS7_X0Y0             PS7                          0.000     6.735 r  i_system_wrapper/system_i/sys_ps7/inst/PS7_i/FCLKCLK[1]
                         net (fo=1, routed)           1.088     7.823    i_system_wrapper/system_i/sys_ps7/inst/FCLK_CLK_unbuffered[1]
    BUFGCTRL_X0Y17       BUFG (Prop_bufg_I_O)         0.091     7.914 r  i_system_wrapper/system_i/sys_ps7/inst/buffer_fclk_clk_1.FCLK_CLK_1_BUFG/O
                         net (fo=2, routed)           1.570     9.484    i_system_wrapper/system_i/axi_hdmi_clkgen/inst/i_mmcm_drp/clk
    MMCME2_ADV_X0Y0      MMCME2_ADV (Prop_mmcme2_adv_CLKIN1_CLKOUT0)
                                                     -3.349     6.135 r  i_system_wrapper/system_i/axi_hdmi_clkgen/inst/i_mmcm_drp/i_mmcm/CLKOUT0
                         net (fo=1, routed)           1.691     7.826    i_system_wrapper/system_i/axi_hdmi_clkgen/inst/i_mmcm_drp/mmcm_clk_0_s
    BUFGCTRL_X0Y0        BUFG (Prop_bufg_I_O)         0.091     7.917 r  i_system_wrapper/system_i/axi_hdmi_clkgen/inst/i_mmcm_drp/i_clk_0_bufg/O
                         net (fo=1084, routed)        1.561     9.478    i_system_wrapper/system_i/axi_hdmi_core/inst/i_tx_core/hdmi_clk
    SLICE_X27Y17         FDRE                                         r  i_system_wrapper/system_i/axi_hdmi_core/inst/i_tx_core/hdmi_vs_count_reg[0]/C
                         clock pessimism              0.229     9.708    
                         clock uncertainty           -0.147     9.560    
    SLICE_X27Y17         FDRE (Setup_fdre_C_R)       -0.429     9.131    i_system_wrapper/system_i/axi_hdmi_core/inst/i_tx_core/hdmi_vs_count_reg[0]
  -------------------------------------------------------------------
                         required time                          9.131    
                         arrival time                          -8.599    
  -------------------------------------------------------------------
                         slack                                  0.533    





Min Delay Paths
--------------------------------------------------------------------------------------
Slack (MET) :             0.027ns  (arrival time - required time)
  Source:                 i_system_wrapper/system_i/axi_hdmi_core/inst/i_tx_core/i_ss_444to422/s444_data_3d_reg[10]/C
                            (rising edge-triggered cell FDRE clocked by mmcm_clk_0_s  {rise@0.000ns fall@3.367ns period=6.735ns})
  Destination:            i_system_wrapper/system_i/axi_hdmi_core/inst/i_tx_core/i_ss_444to422/s422_data_reg[2]/D
                            (rising edge-triggered cell FDRE clocked by mmcm_clk_0_s  {rise@0.000ns fall@3.367ns period=6.735ns})
  Path Group:             mmcm_clk_0_s
  Path Type:              Hold (Min at Fast Process Corner)
  Requirement:            0.000ns  (mmcm_clk_0_s rise@0.000ns - mmcm_clk_0_s rise@0.000ns)
  Data Path Delay:        0.349ns  (logic 0.141ns (40.351%)  route 0.208ns (59.649%))
  Logic Levels:           0  
  Clock Path Skew:        0.256ns (DCD - SCD - CPR)
    Destination Clock Delay (DCD):    1.178ns
    Source Clock Delay      (SCD):    0.887ns
    Clock Pessimism Removal (CPR):    0.035ns

    Location             Delay type                Incr(ns)  Path(ns)    Netlist Resource(s)
  -------------------------------------------------------------------    -------------------
                         (clock mmcm_clk_0_s rise edge)
                                                      0.000     0.000 r  
    PS7_X0Y0             PS7                          0.000     0.000 r  i_system_wrapper/system_i/sys_ps7/inst/PS7_i/FCLKCLK[1]
                         net (fo=1, routed)           0.310     0.310    i_system_wrapper/system_i/sys_ps7/inst/FCLK_CLK_unbuffered[1]
    BUFGCTRL_X0Y17       BUFG (Prop_bufg_I_O)         0.026     0.336 r  i_system_wrapper/system_i/sys_ps7/inst/buffer_fclk_clk_1.FCLK_CLK_1_BUFG/O
                         net (fo=2, routed)           0.580     0.916    i_system_wrapper/system_i/axi_hdmi_clkgen/inst/i_mmcm_drp/clk
    MMCME2_ADV_X0Y0      MMCME2_ADV (Prop_mmcme2_adv_CLKIN1_CLKOUT0)
                                                     -1.122    -0.206 r  i_system_wrapper/system_i/axi_hdmi_clkgen/inst/i_mmcm_drp/i_mmcm/CLKOUT0
                         net (fo=1, routed)           0.518     0.312    i_system_wrapper/system_i/axi_hdmi_clkgen/inst/i_mmcm_drp/mmcm_clk_0_s
    BUFGCTRL_X0Y0        BUFG (Prop_bufg_I_O)         0.026     0.338 r  i_system_wrapper/system_i/axi_hdmi_clkgen/inst/i_mmcm_drp/i_clk_0_bufg/O
                         net (fo=1084, routed)        0.549     0.887    i_system_wrapper/system_i/axi_hdmi_core/inst/i_tx_core/i_ss_444to422/hdmi_clk
    SLICE_X49Y21         FDRE                                         r  i_system_wrapper/system_i/axi_hdmi_core/inst/i_tx_core/i_ss_444to422/s444_data_3d_reg[10]/C
  -------------------------------------------------------------------    -------------------
    SLICE_X49Y21         FDRE (Prop_fdre_C_Q)         0.141     1.028 r  i_system_wrapper/system_i/axi_hdmi_core/inst/i_tx_core/i_ss_444to422/s444_data_3d_reg[10]/Q
                         net (fo=1, routed)           0.208     1.236    i_system_wrapper/system_i/axi_hdmi_core/inst/i_tx_core/i_ss_444to422/s444_data_3d_reg_n_0_[10]
    SLICE_X51Y22         FDRE                                         r  i_system_wrapper/system_i/axi_hdmi_core/inst/i_tx_core/i_ss_444to422/s422_data_reg[2]/D
  -------------------------------------------------------------------    -------------------

                         (clock mmcm_clk_0_s rise edge)
                                                      0.000     0.000 r  
    PS7_X0Y0             PS7                          0.000     0.000 r  i_system_wrapper/system_i/sys_ps7/inst/PS7_i/FCLKCLK[1]
                         net (fo=1, routed)           0.337     0.337    i_system_wrapper/system_i/sys_ps7/inst/FCLK_CLK_unbuffered[1]
    BUFGCTRL_X0Y17       BUFG (Prop_bufg_I_O)         0.029     0.366 r  i_system_wrapper/system_i/sys_ps7/inst/buffer_fclk_clk_1.FCLK_CLK_1_BUFG/O
                         net (fo=2, routed)           0.846     1.212    i_system_wrapper/system_i/axi_hdmi_clkgen/inst/i_mmcm_drp/clk
    MMCME2_ADV_X0Y0      MMCME2_ADV (Prop_mmcme2_adv_CLKIN1_CLKOUT0)
                                                     -1.437    -0.225 r  i_system_wrapper/system_i/axi_hdmi_clkgen/inst/i_mmcm_drp/i_mmcm/CLKOUT0
                         net (fo=1, routed)           0.564     0.339    i_system_wrapper/system_i/axi_hdmi_clkgen/inst/i_mmcm_drp/mmcm_clk_0_s
    BUFGCTRL_X0Y0        BUFG (Prop_bufg_I_O)         0.029     0.368 r  i_system_wrapper/system_i/axi_hdmi_clkgen/inst/i_mmcm_drp/i_clk_0_bufg/O
                         net (fo=1084, routed)        0.810     1.178    i_system_wrapper/system_i/axi_hdmi_core/inst/i_tx_core/i_ss_444to422/hdmi_clk
    SLICE_X51Y22         FDRE                                         r  i_system_wrapper/system_i/axi_hdmi_core/inst/i_tx_core/i_ss_444to422/s422_data_reg[2]/C
                         clock pessimism             -0.035     1.143    
    SLICE_X51Y22         FDRE (Hold_fdre_C_D)         0.066     1.209    i_system_wrapper/system_i/axi_hdmi_core/inst/i_tx_core/i_ss_444to422/s422_data_reg[2]
  -------------------------------------------------------------------
                         required time                         -1.209    
                         arrival time                           1.236    
  -------------------------------------------------------------------
                         slack                                  0.027    





Pulse Width Checks
--------------------------------------------------------------------------------------
Clock Name:         mmcm_clk_0_s
Waveform(ns):       { 0.000 3.367 }
Period(ns):         6.735
Sources:            { i_system_wrapper/system_i/axi_hdmi_clkgen/inst/i_mmcm_drp/i_mmcm/CLKOUT0 }

Check Type        Corner  Lib Pin             Reference Pin  Required(ns)  Actual(ns)  Slack(ns)  Location         Pin
Min Period        n/a     RAMB36E1/CLKARDCLK  n/a            2.576         6.735       4.159      RAMB36_X2Y8      i_system_wrapper/system_i/axi_hdmi_core/inst/i_tx_core/i_mem/m_ram_reg/CLKARDCLK
Max Period        n/a     MMCME2_ADV/CLKOUT0  n/a            213.360       6.735       206.625    MMCME2_ADV_X0Y0  i_system_wrapper/system_i/axi_hdmi_clkgen/inst/i_mmcm_drp/i_mmcm/CLKOUT0
Low Pulse Width   Slow    SRL16E/CLK          n/a            0.980         3.367       2.387      SLICE_X42Y27     i_system_wrapper/system_i/axi_hdmi_core/inst/i_tx_core/i_csc_RGB2CrYCb/i_csc_1_Cr/i_add_c4/p3_ddata_reg[0]_srl6/CLK
High Pulse Width  Slow    SRL16E/CLK          n/a            0.980         3.367       2.387      SLICE_X38Y25     i_system_wrapper/system_i/axi_hdmi_core/inst/i_tx_core/i_ss_444to422/s444_sync_3d_reg[3]_srl2/CLK



---------------------------------------------------------------------------------------------------
From Clock:  mmcm_fb_clk_s
  To Clock:  mmcm_fb_clk_s

Setup :           NA  Failing Endpoints,  Worst Slack           NA  ,  Total Violation           NA
Hold  :           NA  Failing Endpoints,  Worst Slack           NA  ,  Total Violation           NA
PW    :            0  Failing Endpoints,  Worst Slack       45.000ns,  Total Violation        0.000ns
---------------------------------------------------------------------------------------------------


Pulse Width Checks
--------------------------------------------------------------------------------------
Clock Name:         mmcm_fb_clk_s
Waveform(ns):       { 0.000 27.500 }
Period(ns):         55.000
Sources:            { i_system_wrapper/system_i/axi_hdmi_clkgen/inst/i_mmcm_drp/i_mmcm/CLKFBOUT }

Check Type  Corner  Lib Pin             Reference Pin  Required(ns)  Actual(ns)  Slack(ns)  Location         Pin
Min Period  n/a     BUFG/I              n/a            2.155         55.000      52.845     BUFGCTRL_X0Y2    i_system_wrapper/system_i/axi_hdmi_clkgen/inst/i_mmcm_drp/i_fb_clk_bufg/I
Max Period  n/a     MMCME2_ADV/CLKFBIN  n/a            100.000       55.000      45.000     MMCME2_ADV_X0Y0  i_system_wrapper/system_i/axi_hdmi_clkgen/inst/i_mmcm_drp/i_mmcm/CLKFBIN



---------------------------------------------------------------------------------------------------
From Clock:  i_system_wrapper/system_i/sys_audio_clkgen/inst/clk_in1
  To Clock:  i_system_wrapper/system_i/sys_audio_clkgen/inst/clk_in1

Setup :           NA  Failing Endpoints,  Worst Slack           NA  ,  Total Violation           NA
Hold  :           NA  Failing Endpoints,  Worst Slack           NA  ,  Total Violation           NA
PW    :            0  Failing Endpoints,  Worst Slack        1.100ns,  Total Violation        0.000ns
---------------------------------------------------------------------------------------------------


Pulse Width Checks
--------------------------------------------------------------------------------------
Clock Name:         i_system_wrapper/system_i/sys_audio_clkgen/inst/clk_in1
Waveform(ns):       { 0.000 2.500 }
Period(ns):         5.000
Sources:            { i_system_wrapper/system_i/sys_audio_clkgen/inst/clk_in1 }

Check Type        Corner  Lib Pin            Reference Pin  Required(ns)  Actual(ns)  Slack(ns)  Location         Pin
Min Period        n/a     MMCME2_ADV/CLKIN1  n/a            1.249         5.000       3.751      MMCME2_ADV_X1Y0  i_system_wrapper/system_i/sys_audio_clkgen/inst/mmcm_adv_inst/CLKIN1
Max Period        n/a     MMCME2_ADV/CLKIN1  n/a            100.000       5.000       95.000     MMCME2_ADV_X1Y0  i_system_wrapper/system_i/sys_audio_clkgen/inst/mmcm_adv_inst/CLKIN1
Low Pulse Width   Slow    MMCME2_ADV/CLKIN1  n/a            1.400         2.500       1.100      MMCME2_ADV_X1Y0  i_system_wrapper/system_i/sys_audio_clkgen/inst/mmcm_adv_inst/CLKIN1
High Pulse Width  Slow    MMCME2_ADV/CLKIN1  n/a            1.400         2.500       1.100      MMCME2_ADV_X1Y0  i_system_wrapper/system_i/sys_audio_clkgen/inst/mmcm_adv_inst/CLKIN1



---------------------------------------------------------------------------------------------------
From Clock:  clk_out1_system_sys_audio_clkgen_0
  To Clock:  clk_out1_system_sys_audio_clkgen_0

Setup :            0  Failing Endpoints,  Worst Slack       78.543ns,  Total Violation        0.000ns
Hold  :            0  Failing Endpoints,  Worst Slack        0.089ns,  Total Violation        0.000ns
PW    :            0  Failing Endpoints,  Worst Slack       39.440ns,  Total Violation        0.000ns
---------------------------------------------------------------------------------------------------


Max Delay Paths
--------------------------------------------------------------------------------------
Slack (MET) :             78.543ns  (required time - arrival time)
  Source:                 i_system_wrapper/system_i/axi_i2s_adi/inst/ctrl/tx_sync/rd_addr_reg[0]/C
                            (rising edge-triggered cell FDRE clocked by clk_out1_system_sys_audio_clkgen_0  {rise@0.000ns fall@40.690ns period=81.380ns})
  Destination:            i_system_wrapper/system_i/axi_i2s_adi/inst/ctrl/tx_sync/out_data_reg[2]/D
                            (rising edge-triggered cell FDRE clocked by clk_out1_system_sys_audio_clkgen_0  {rise@0.000ns fall@40.690ns period=81.380ns})
  Path Group:             clk_out1_system_sys_audio_clkgen_0
  Path Type:              Setup (Max at Slow Process Corner)
  Requirement:            81.380ns  (clk_out1_system_sys_audio_clkgen_0 rise@81.380ns - clk_out1_system_sys_audio_clkgen_0 rise@0.000ns)
  Data Path Delay:        2.328ns  (logic 0.608ns (26.121%)  route 1.720ns (73.879%))
  Logic Levels:           1  (RAMD32=1)
  Clock Path Skew:        -0.057ns (DCD - SCD + CPR)
    Destination Clock Delay (DCD):    1.564ns = ( 82.945 - 81.380 ) 
    Source Clock Delay      (SCD):    1.736ns
    Clock Pessimism Removal (CPR):    0.115ns
  Clock Uncertainty:      0.168ns  ((TSJ^2 + DJ^2)^1/2) / 2 + PE
    Total System Jitter     (TSJ):    0.071ns
    Discrete Jitter          (DJ):    0.328ns
    Phase Error              (PE):    0.000ns

    Location             Delay type                Incr(ns)  Path(ns)    Netlist Resource(s)
  -------------------------------------------------------------------    -------------------
                         (clock clk_out1_system_sys_audio_clkgen_0 rise edge)
                                                      0.000     0.000 r  
    BUFGCTRL_X0Y17       BUFG                         0.000     0.000 r  i_system_wrapper/system_i/sys_ps7/inst/buffer_fclk_clk_1.FCLK_CLK_1_BUFG/O
                         net (fo=2, routed)           1.806     1.806    i_system_wrapper/system_i/sys_audio_clkgen/inst/clk_in1
    MMCME2_ADV_X1Y0      MMCME2_ADV (Prop_mmcme2_adv_CLKIN1_CLKOUT0)
                                                     -3.793    -1.987 r  i_system_wrapper/system_i/sys_audio_clkgen/inst/mmcm_adv_inst/CLKOUT0
                         net (fo=1, routed)           1.889    -0.098    i_system_wrapper/system_i/sys_audio_clkgen/inst/clk_out1_system_sys_audio_clkgen_0
    BUFGCTRL_X0Y1        BUFG (Prop_bufg_I_O)         0.101     0.003 r  i_system_wrapper/system_i/sys_audio_clkgen/inst/clkout1_buf/O
                         net (fo=36, routed)          1.733     1.736    i_system_wrapper/system_i/axi_i2s_adi/inst/ctrl/tx_sync/DATA_CLK_I
    SLICE_X9Y25          FDRE                                         r  i_system_wrapper/system_i/axi_i2s_adi/inst/ctrl/tx_sync/rd_addr_reg[0]/C
  -------------------------------------------------------------------    -------------------
    SLICE_X9Y25          FDRE (Prop_fdre_C_Q)         0.456     2.192 r  i_system_wrapper/system_i/axi_i2s_adi/inst/ctrl/tx_sync/rd_addr_reg[0]/Q
                         net (fo=8, routed)           1.045     3.237    i_system_wrapper/system_i/axi_i2s_adi/inst/ctrl/tx_sync/fifo_reg_0_3_0_4/ADDRB0
    SLICE_X10Y25         RAMD32 (Prop_ramd32_RADR0_O)
                                                      0.152     3.389 r  i_system_wrapper/system_i/axi_i2s_adi/inst/ctrl/tx_sync/fifo_reg_0_3_0_4/RAMB/O
                         net (fo=1, routed)           0.674     4.064    i_system_wrapper/system_i/axi_i2s_adi/inst/ctrl/tx_sync/out_data0[2]
    SLICE_X11Y25         FDRE                                         r  i_system_wrapper/system_i/axi_i2s_adi/inst/ctrl/tx_sync/out_data_reg[2]/D
  -------------------------------------------------------------------    -------------------

                         (clock clk_out1_system_sys_audio_clkgen_0 rise edge)
                                                     81.380    81.380 r  
    BUFGCTRL_X0Y17       BUFG                         0.000    81.380 r  i_system_wrapper/system_i/sys_ps7/inst/buffer_fclk_clk_1.FCLK_CLK_1_BUFG/O
                         net (fo=2, routed)           1.612    82.993    i_system_wrapper/system_i/sys_audio_clkgen/inst/clk_in1
    MMCME2_ADV_X1Y0      MMCME2_ADV (Prop_mmcme2_adv_CLKIN1_CLKOUT0)
                                                     -3.425    79.567 r  i_system_wrapper/system_i/sys_audio_clkgen/inst/mmcm_adv_inst/CLKOUT0
                         net (fo=1, routed)           1.725    81.292    i_system_wrapper/system_i/sys_audio_clkgen/inst/clk_out1_system_sys_audio_clkgen_0
    BUFGCTRL_X0Y1        BUFG (Prop_bufg_I_O)         0.091    81.383 r  i_system_wrapper/system_i/sys_audio_clkgen/inst/clkout1_buf/O
                         net (fo=36, routed)          1.561    82.945    i_system_wrapper/system_i/axi_i2s_adi/inst/ctrl/tx_sync/DATA_CLK_I
    SLICE_X11Y25         FDRE                                         r  i_system_wrapper/system_i/axi_i2s_adi/inst/ctrl/tx_sync/out_data_reg[2]/C
                         clock pessimism              0.115    83.059    
                         clock uncertainty           -0.168    82.892    
    SLICE_X11Y25         FDRE (Setup_fdre_C_D)       -0.285    82.607    i_system_wrapper/system_i/axi_i2s_adi/inst/ctrl/tx_sync/out_data_reg[2]
  -------------------------------------------------------------------
                         required time                         82.607    
                         arrival time                          -4.064    
  -------------------------------------------------------------------
                         slack                                 78.543    





Min Delay Paths
--------------------------------------------------------------------------------------
Slack (MET) :             0.089ns  (arrival time - required time)
  Source:                 i_system_wrapper/system_i/axi_i2s_adi/inst/ctrl/rx_gen.rx_sync/wr_addr_reg[0]/C
                            (rising edge-triggered cell FDRE clocked by clk_out1_system_sys_audio_clkgen_0  {rise@0.000ns fall@40.690ns period=81.380ns})
  Destination:            i_system_wrapper/system_i/axi_i2s_adi/inst/ctrl/rx_gen.rx_sync/fifo_reg_0_3_0_4/RAMA/WADR0
                            (rising edge-triggered cell RAMD32 clocked by clk_out1_system_sys_audio_clkgen_0  {rise@0.000ns fall@40.690ns period=81.380ns})
  Path Group:             clk_out1_system_sys_audio_clkgen_0
  Path Type:              Hold (Min at Fast Process Corner)
  Requirement:            0.000ns  (clk_out1_system_sys_audio_clkgen_0 rise@0.000ns - clk_out1_system_sys_audio_clkgen_0 rise@0.000ns)
  Data Path Delay:        0.413ns  (logic 0.164ns (39.756%)  route 0.249ns (60.244%))
  Logic Levels:           0  
  Clock Path Skew:        0.014ns (DCD - SCD - CPR)
    Destination Clock Delay (DCD):    0.850ns
    Source Clock Delay      (SCD):    0.583ns
    Clock Pessimism Removal (CPR):    0.253ns

    Location             Delay type                Incr(ns)  Path(ns)    Netlist Resource(s)
  -------------------------------------------------------------------    -------------------
                         (clock clk_out1_system_sys_audio_clkgen_0 rise edge)
                                                      0.000     0.000 r  
    BUFGCTRL_X0Y17       BUFG                         0.000     0.000 r  i_system_wrapper/system_i/sys_ps7/inst/buffer_fclk_clk_1.FCLK_CLK_1_BUFG/O
                         net (fo=2, routed)           0.597     0.597    i_system_wrapper/system_i/sys_audio_clkgen/inst/clk_in1
    MMCME2_ADV_X1Y0      MMCME2_ADV (Prop_mmcme2_adv_CLKIN1_CLKOUT0)
                                                     -1.150    -0.553 r  i_system_wrapper/system_i/sys_audio_clkgen/inst/mmcm_adv_inst/CLKOUT0
                         net (fo=1, routed)           0.529    -0.024    i_system_wrapper/system_i/sys_audio_clkgen/inst/clk_out1_system_sys_audio_clkgen_0
    BUFGCTRL_X0Y1        BUFG (Prop_bufg_I_O)         0.026     0.002 r  i_system_wrapper/system_i/sys_audio_clkgen/inst/clkout1_buf/O
                         net (fo=36, routed)          0.581     0.583    i_system_wrapper/system_i/axi_i2s_adi/inst/ctrl/rx_gen.rx_sync/DATA_CLK_I
    SLICE_X14Y25         FDRE                                         r  i_system_wrapper/system_i/axi_i2s_adi/inst/ctrl/rx_gen.rx_sync/wr_addr_reg[0]/C
  -------------------------------------------------------------------    -------------------
    SLICE_X14Y25         FDRE (Prop_fdre_C_Q)         0.164     0.747 r  i_system_wrapper/system_i/axi_i2s_adi/inst/ctrl/rx_gen.rx_sync/wr_addr_reg[0]/Q
                         net (fo=10, routed)          0.249     0.995    i_system_wrapper/system_i/axi_i2s_adi/inst/ctrl/rx_gen.rx_sync/fifo_reg_0_3_0_4/ADDRD0
    SLICE_X12Y26         RAMD32                                       r  i_system_wrapper/system_i/axi_i2s_adi/inst/ctrl/rx_gen.rx_sync/fifo_reg_0_3_0_4/RAMA/WADR0
  -------------------------------------------------------------------    -------------------

                         (clock clk_out1_system_sys_audio_clkgen_0 rise edge)
                                                      0.000     0.000 r  
    BUFGCTRL_X0Y17       BUFG                         0.000     0.000 r  i_system_wrapper/system_i/sys_ps7/inst/buffer_fclk_clk_1.FCLK_CLK_1_BUFG/O
                         net (fo=2, routed)           0.864     0.864    i_system_wrapper/system_i/sys_audio_clkgen/inst/clk_in1
    MMCME2_ADV_X1Y0      MMCME2_ADV (Prop_mmcme2_adv_CLKIN1_CLKOUT0)
                                                     -1.467    -0.603 r  i_system_wrapper/system_i/sys_audio_clkgen/inst/mmcm_adv_inst/CLKOUT0
                         net (fo=1, routed)           0.576    -0.027    i_system_wrapper/system_i/sys_audio_clkgen/inst/clk_out1_system_sys_audio_clkgen_0
    BUFGCTRL_X0Y1        BUFG (Prop_bufg_I_O)         0.029     0.002 r  i_system_wrapper/system_i/sys_audio_clkgen/inst/clkout1_buf/O
                         net (fo=36, routed)          0.848     0.850    i_system_wrapper/system_i/axi_i2s_adi/inst/ctrl/rx_gen.rx_sync/fifo_reg_0_3_0_4/WCLK
    SLICE_X12Y26         RAMD32                                       r  i_system_wrapper/system_i/axi_i2s_adi/inst/ctrl/rx_gen.rx_sync/fifo_reg_0_3_0_4/RAMA/CLK
                         clock pessimism             -0.253     0.597    
    SLICE_X12Y26         RAMD32 (Hold_ramd32_CLK_WADR0)
                                                      0.310     0.907    i_system_wrapper/system_i/axi_i2s_adi/inst/ctrl/rx_gen.rx_sync/fifo_reg_0_3_0_4/RAMA
  -------------------------------------------------------------------
                         required time                         -0.907    
                         arrival time                           0.995    
  -------------------------------------------------------------------
                         slack                                  0.089    





Pulse Width Checks
--------------------------------------------------------------------------------------
Clock Name:         clk_out1_system_sys_audio_clkgen_0
Waveform(ns):       { 0.000 40.690 }
Period(ns):         81.380
Sources:            { i_system_wrapper/system_i/sys_audio_clkgen/inst/mmcm_adv_inst/CLKOUT0 }

Check Type        Corner  Lib Pin             Reference Pin  Required(ns)  Actual(ns)  Slack(ns)  Location         Pin
Min Period        n/a     BUFG/I              n/a            2.155         81.380      79.225     BUFGCTRL_X0Y1    i_system_wrapper/system_i/sys_audio_clkgen/inst/clkout1_buf/I
Max Period        n/a     MMCME2_ADV/CLKOUT0  n/a            213.360       81.380      131.980    MMCME2_ADV_X1Y0  i_system_wrapper/system_i/sys_audio_clkgen/inst/mmcm_adv_inst/CLKOUT0
Low Pulse Width   Fast    RAMS32/CLK          n/a            1.250         40.690      39.440     SLICE_X12Y26     i_system_wrapper/system_i/axi_i2s_adi/inst/ctrl/rx_gen.rx_sync/fifo_reg_0_3_0_4/RAMD/CLK
High Pulse Width  Slow    RAMS32/CLK          n/a            1.250         40.690      39.440     SLICE_X12Y26     i_system_wrapper/system_i/axi_i2s_adi/inst/ctrl/rx_gen.rx_sync/fifo_reg_0_3_0_4/RAMD/CLK



---------------------------------------------------------------------------------------------------
From Clock:  clkfbout_system_sys_audio_clkgen_0
  To Clock:  clkfbout_system_sys_audio_clkgen_0

Setup :           NA  Failing Endpoints,  Worst Slack           NA  ,  Total Violation           NA
Hold  :           NA  Failing Endpoints,  Worst Slack           NA  ,  Total Violation           NA
PW    :            0  Failing Endpoints,  Worst Slack       42.845ns,  Total Violation        0.000ns
---------------------------------------------------------------------------------------------------


Pulse Width Checks
--------------------------------------------------------------------------------------
Clock Name:         clkfbout_system_sys_audio_clkgen_0
Waveform(ns):       { 0.000 22.500 }
Period(ns):         45.000
Sources:            { i_system_wrapper/system_i/sys_audio_clkgen/inst/mmcm_adv_inst/CLKFBOUT }

Check Type  Corner  Lib Pin             Reference Pin  Required(ns)  Actual(ns)  Slack(ns)  Location         Pin
Min Period  n/a     BUFG/I              n/a            2.155         45.000      42.845     BUFGCTRL_X0Y3    i_system_wrapper/system_i/sys_audio_clkgen/inst/clkf_buf/I
Max Period  n/a     MMCME2_ADV/CLKFBIN  n/a            100.000       45.000      55.000     MMCME2_ADV_X1Y0  i_system_wrapper/system_i/sys_audio_clkgen/inst/mmcm_adv_inst/CLKFBIN



---------------------------------------------------------------------------------------------------
From Clock:  clk_out1_system_sys_audio_clkgen_0
  To Clock:  clk_fpga_0

Setup :            0  Failing Endpoints,  Worst Slack        7.668ns,  Total Violation        0.000ns
Hold  :           NA  Failing Endpoints,  Worst Slack           NA  ,  Total Violation           NA
---------------------------------------------------------------------------------------------------


Max Delay Paths
--------------------------------------------------------------------------------------
Slack (MET) :             7.668ns  (required time - arrival time)
  Source:                 i_system_wrapper/system_i/axi_i2s_adi/inst/ctrl/rx_gen.rx_sync/fifo_reg_0_3_0_4/RAMB/CLK
                            (rising edge-triggered cell RAMD32 clocked by clk_out1_system_sys_audio_clkgen_0  {rise@0.000ns fall@40.690ns period=81.380ns})
  Destination:            i_system_wrapper/system_i/axi_i2s_adi/inst/ctrl/rx_gen.rx_sync/out_data_reg[2]/D
                            (rising edge-triggered cell FDRE clocked by clk_fpga_0  {rise@0.000ns fall@5.000ns period=10.000ns})
  Path Group:             clk_fpga_0
  Path Type:              Setup (Max at Slow Process Corner)
  Requirement:            10.000ns  (MaxDelay Path 10.000ns)
  Data Path Delay:        2.047ns  (logic 1.343ns (65.610%)  route 0.704ns (34.390%))
  Logic Levels:           0  
  Timing Exception:       MaxDelay Path 10.000ns -datapath_only

    Location             Delay type                Incr(ns)  Path(ns)    Netlist Resource(s)
  -------------------------------------------------------------------    -------------------
    SLICE_X12Y26                                      0.000     0.000 r  i_system_wrapper/system_i/axi_i2s_adi/inst/ctrl/rx_gen.rx_sync/fifo_reg_0_3_0_4/RAMB/CLK
    SLICE_X12Y26         RAMD32 (Prop_ramd32_CLK_O)
                                                      1.343     1.343 r  i_system_wrapper/system_i/axi_i2s_adi/inst/ctrl/rx_gen.rx_sync/fifo_reg_0_3_0_4/RAMB/O
                         net (fo=1, routed)           0.704     2.047    i_system_wrapper/system_i/axi_i2s_adi/inst/ctrl/rx_gen.rx_sync/out_data0__0[2]
    SLICE_X13Y26         FDRE                                         r  i_system_wrapper/system_i/axi_i2s_adi/inst/ctrl/rx_gen.rx_sync/out_data_reg[2]/D
  -------------------------------------------------------------------    -------------------

                         max delay                   10.000    10.000    
    SLICE_X13Y26         FDRE (Setup_fdre_C_D)       -0.285     9.715    i_system_wrapper/system_i/axi_i2s_adi/inst/ctrl/rx_gen.rx_sync/out_data_reg[2]
  -------------------------------------------------------------------
                         required time                          9.715    
                         arrival time                          -2.047    
  -------------------------------------------------------------------
                         slack                                  7.668    





---------------------------------------------------------------------------------------------------
From Clock:  clk_fpga_0
  To Clock:  clk_out1_system_sys_audio_clkgen_0

Setup :            0  Failing Endpoints,  Worst Slack       79.078ns,  Total Violation        0.000ns
Hold  :           NA  Failing Endpoints,  Worst Slack           NA  ,  Total Violation           NA
---------------------------------------------------------------------------------------------------


Max Delay Paths
--------------------------------------------------------------------------------------
Slack (MET) :             79.078ns  (required time - arrival time)
  Source:                 i_system_wrapper/system_i/axi_i2s_adi/inst/ctrl/tx_sync/fifo_reg_0_3_0_4/RAMB/CLK
                            (rising edge-triggered cell RAMD32 clocked by clk_fpga_0  {rise@0.000ns fall@5.000ns period=10.000ns})
  Destination:            i_system_wrapper/system_i/axi_i2s_adi/inst/ctrl/tx_sync/out_data_reg[2]/D
                            (rising edge-triggered cell FDRE clocked by clk_out1_system_sys_audio_clkgen_0  {rise@0.000ns fall@40.690ns period=81.380ns})
  Path Group:             clk_out1_system_sys_audio_clkgen_0
  Path Type:              Setup (Max at Slow Process Corner)
  Requirement:            81.380ns  (MaxDelay Path 81.380ns)
  Data Path Delay:        2.017ns  (logic 1.343ns (66.576%)  route 0.674ns (33.424%))
  Logic Levels:           0  
  Timing Exception:       MaxDelay Path 81.380ns -datapath_only

    Location             Delay type                Incr(ns)  Path(ns)    Netlist Resource(s)
  -------------------------------------------------------------------    -------------------
    SLICE_X10Y25                                      0.000     0.000 r  i_system_wrapper/system_i/axi_i2s_adi/inst/ctrl/tx_sync/fifo_reg_0_3_0_4/RAMB/CLK
    SLICE_X10Y25         RAMD32 (Prop_ramd32_CLK_O)
                                                      1.343     1.343 r  i_system_wrapper/system_i/axi_i2s_adi/inst/ctrl/tx_sync/fifo_reg_0_3_0_4/RAMB/O
                         net (fo=1, routed)           0.674     2.017    i_system_wrapper/system_i/axi_i2s_adi/inst/ctrl/tx_sync/out_data0[2]
    SLICE_X11Y25         FDRE                                         r  i_system_wrapper/system_i/axi_i2s_adi/inst/ctrl/tx_sync/out_data_reg[2]/D
  -------------------------------------------------------------------    -------------------

                         max delay                   81.380    81.380    
    SLICE_X11Y25         FDRE (Setup_fdre_C_D)       -0.285    81.095    i_system_wrapper/system_i/axi_i2s_adi/inst/ctrl/tx_sync/out_data_reg[2]
  -------------------------------------------------------------------
                         required time                         81.095    
                         arrival time                          -2.017    
  -------------------------------------------------------------------
                         slack                                 79.078    





---------------------------------------------------------------------------------------------------
Path Group:  **async_default**
From Clock:  clk_fpga_0
  To Clock:  clk_fpga_0

Setup :            0  Failing Endpoints,  Worst Slack        2.261ns,  Total Violation        0.000ns
Hold  :            0  Failing Endpoints,  Worst Slack        0.378ns,  Total Violation        0.000ns
---------------------------------------------------------------------------------------------------


Max Delay Paths
--------------------------------------------------------------------------------------
Slack (MET) :             2.261ns  (required time - arrival time)
  Source:                 i_system_wrapper/system_i/sys_rstgen/U0/ACTIVE_LOW_PR_OUT_DFF[0].peripheral_aresetn_reg[0]/C
                            (rising edge-triggered cell FDRE clocked by clk_fpga_0  {rise@0.000ns fall@5.000ns period=10.000ns})
  Destination:            i_system_wrapper/system_i/axi_hdmi_core/inst/i_up/up_clip_min_reg[0]/CLR
                            (recovery check against rising-edge clock clk_fpga_0  {rise@0.000ns fall@5.000ns period=10.000ns})
  Path Group:             **async_default**
  Path Type:              Recovery (Max at Slow Process Corner)
  Requirement:            10.000ns  (clk_fpga_0 rise@10.000ns - clk_fpga_0 rise@0.000ns)
  Data Path Delay:        6.979ns  (logic 0.580ns (8.311%)  route 6.399ns (91.689%))
  Logic Levels:           1  (LUT1=1)
  Clock Path Skew:        -0.201ns (DCD - SCD + CPR)
    Destination Clock Delay (DCD):    2.664ns = ( 12.664 - 10.000 ) 
    Source Clock Delay      (SCD):    2.980ns
    Clock Pessimism Removal (CPR):    0.115ns
  Clock Uncertainty:      0.154ns  ((TSJ^2 + TIJ^2)^1/2 + DJ) / 2 + PE
    Total System Jitter     (TSJ):    0.071ns
    Total Input Jitter      (TIJ):    0.300ns
    Discrete Jitter          (DJ):    0.000ns
    Phase Error              (PE):    0.000ns

    Location             Delay type                Incr(ns)  Path(ns)    Netlist Resource(s)
  -------------------------------------------------------------------    -------------------
                         (clock clk_fpga_0 rise edge)
                                                      0.000     0.000 r  
    PS7_X0Y0             PS7                          0.000     0.000 r  i_system_wrapper/system_i/sys_ps7/inst/PS7_i/FCLKCLK[0]
                         net (fo=1, routed)           1.193     1.193    i_system_wrapper/system_i/sys_ps7/inst/FCLK_CLK_unbuffered[0]
    BUFGCTRL_X0Y16       BUFG (Prop_bufg_I_O)         0.101     1.294 r  i_system_wrapper/system_i/sys_ps7/inst/buffer_fclk_clk_0.FCLK_CLK_0_BUFG/O
                         net (fo=4623, routed)        1.686     2.980    i_system_wrapper/system_i/sys_rstgen/U0/slowest_sync_clk
    SLICE_X28Y79         FDRE                                         r  i_system_wrapper/system_i/sys_rstgen/U0/ACTIVE_LOW_PR_OUT_DFF[0].peripheral_aresetn_reg[0]/C
  -------------------------------------------------------------------    -------------------
    SLICE_X28Y79         FDRE (Prop_fdre_C_Q)         0.456     3.436 r  i_system_wrapper/system_i/sys_rstgen/U0/ACTIVE_LOW_PR_OUT_DFF[0].peripheral_aresetn_reg[0]/Q
                         net (fo=62, routed)          4.370     7.806    i_system_wrapper/system_i/axi_hdmi_core/inst/i_up/s_axi_aresetn
    SLICE_X31Y17         LUT1 (Prop_lut1_I0_O)        0.124     7.930 f  i_system_wrapper/system_i/axi_hdmi_core/inst/i_up/up_axi_rdata[31]_i_2/O
                         net (fo=112, routed)         2.029     9.959    i_system_wrapper/system_i/axi_hdmi_core/inst/i_up/up_hl_active_reg[6]_0
    SLICE_X39Y31         FDCE                                         f  i_system_wrapper/system_i/axi_hdmi_core/inst/i_up/up_clip_min_reg[0]/CLR
  -------------------------------------------------------------------    -------------------

                         (clock clk_fpga_0 rise edge)
                                                     10.000    10.000 r  
    PS7_X0Y0             PS7                          0.000    10.000 r  i_system_wrapper/system_i/sys_ps7/inst/PS7_i/FCLKCLK[0]
                         net (fo=1, routed)           1.088    11.088    i_system_wrapper/system_i/sys_ps7/inst/FCLK_CLK_unbuffered[0]
    BUFGCTRL_X0Y16       BUFG (Prop_bufg_I_O)         0.091    11.179 r  i_system_wrapper/system_i/sys_ps7/inst/buffer_fclk_clk_0.FCLK_CLK_0_BUFG/O
                         net (fo=4623, routed)        1.485    12.665    i_system_wrapper/system_i/axi_hdmi_core/inst/i_up/s_axi_aclk
    SLICE_X39Y31         FDCE                                         r  i_system_wrapper/system_i/axi_hdmi_core/inst/i_up/up_clip_min_reg[0]/C
                         clock pessimism              0.115    12.779    
                         clock uncertainty           -0.154    12.625    
    SLICE_X39Y31         FDCE (Recov_fdce_C_CLR)     -0.405    12.220    i_system_wrapper/system_i/axi_hdmi_core/inst/i_up/up_clip_min_reg[0]
  -------------------------------------------------------------------
                         required time                         12.220    
                         arrival time                          -9.959    
  -------------------------------------------------------------------
                         slack                                  2.261    





Min Delay Paths
--------------------------------------------------------------------------------------
Slack (MET) :             0.378ns  (arrival time - required time)
  Source:                 i_system_wrapper/system_i/axi_hp0_interconnect/s00_couplers/auto_pc/inst/gen_axi4_axi3.axi3_conv_inst/USE_READ.USE_SPLIT_R.read_addr_inst/USE_R_CHANNEL.cmd_queue/inst/fifo_gen_inst/inst_fifo_gen/gconvfifo.rf/grf.rf/rstblk/ngwrdrst.grst.g7serrst.rd_rst_reg_reg[2]/C
                            (rising edge-triggered cell FDPE clocked by clk_fpga_0  {rise@0.000ns fall@5.000ns period=10.000ns})
  Destination:            i_system_wrapper/system_i/axi_hp0_interconnect/s00_couplers/auto_pc/inst/gen_axi4_axi3.axi3_conv_inst/USE_READ.USE_SPLIT_R.read_addr_inst/USE_R_CHANNEL.cmd_queue/inst/fifo_gen_inst/inst_fifo_gen/gconvfifo.rf/grf.rf/gntv_or_sync_fifo.gl0.rd/gr1.gr1_int.rfwft/gpregsm1.curr_fwft_state_reg[0]/CLR
                            (removal check against rising-edge clock clk_fpga_0  {rise@0.000ns fall@5.000ns period=10.000ns})
  Path Group:             **async_default**
  Path Type:              Removal (Min at Fast Process Corner)
  Requirement:            0.000ns  (clk_fpga_0 rise@0.000ns - clk_fpga_0 rise@0.000ns)
  Data Path Delay:        0.317ns  (logic 0.141ns (44.531%)  route 0.176ns (55.469%))
  Logic Levels:           0  
  Clock Path Skew:        0.031ns (DCD - SCD - CPR)
    Destination Clock Delay (DCD):    1.205ns
    Source Clock Delay      (SCD):    0.910ns
    Clock Pessimism Removal (CPR):    0.264ns

    Location             Delay type                Incr(ns)  Path(ns)    Netlist Resource(s)
  -------------------------------------------------------------------    -------------------
                         (clock clk_fpga_0 rise edge)
                                                      0.000     0.000 r  
    PS7_X0Y0             PS7                          0.000     0.000 r  i_system_wrapper/system_i/sys_ps7/inst/PS7_i/FCLKCLK[0]
                         net (fo=1, routed)           0.310     0.310    i_system_wrapper/system_i/sys_ps7/inst/FCLK_CLK_unbuffered[0]
    BUFGCTRL_X0Y16       BUFG (Prop_bufg_I_O)         0.026     0.336 r  i_system_wrapper/system_i/sys_ps7/inst/buffer_fclk_clk_0.FCLK_CLK_0_BUFG/O
                         net (fo=4623, routed)        0.574     0.910    i_system_wrapper/system_i/axi_hp0_interconnect/s00_couplers/auto_pc/inst/gen_axi4_axi3.axi3_conv_inst/USE_READ.USE_SPLIT_R.read_addr_inst/USE_R_CHANNEL.cmd_queue/inst/fifo_gen_inst/inst_fifo_gen/gconvfifo.rf/grf.rf/rstblk/clk
    SLICE_X29Y61         FDPE                                         r  i_system_wrapper/system_i/axi_hp0_interconnect/s00_couplers/auto_pc/inst/gen_axi4_axi3.axi3_conv_inst/USE_READ.USE_SPLIT_R.read_addr_inst/USE_R_CHANNEL.cmd_queue/inst/fifo_gen_inst/inst_fifo_gen/gconvfifo.rf/grf.rf/rstblk/ngwrdrst.grst.g7serrst.rd_rst_reg_reg[2]/C
  -------------------------------------------------------------------    -------------------
    SLICE_X29Y61         FDPE (Prop_fdpe_C_Q)         0.141     1.051 f  i_system_wrapper/system_i/axi_hp0_interconnect/s00_couplers/auto_pc/inst/gen_axi4_axi3.axi3_conv_inst/USE_READ.USE_SPLIT_R.read_addr_inst/USE_R_CHANNEL.cmd_queue/inst/fifo_gen_inst/inst_fifo_gen/gconvfifo.rf/grf.rf/rstblk/ngwrdrst.grst.g7serrst.rd_rst_reg_reg[2]/Q
                         net (fo=5, routed)           0.176     1.226    i_system_wrapper/system_i/axi_hp0_interconnect/s00_couplers/auto_pc/inst/gen_axi4_axi3.axi3_conv_inst/USE_READ.USE_SPLIT_R.read_addr_inst/USE_R_CHANNEL.cmd_queue/inst/fifo_gen_inst/inst_fifo_gen/gconvfifo.rf/grf.rf/gntv_or_sync_fifo.gl0.rd/gr1.gr1_int.rfwft/Q[0]
    SLICE_X27Y62         FDCE                                         f  i_system_wrapper/system_i/axi_hp0_interconnect/s00_couplers/auto_pc/inst/gen_axi4_axi3.axi3_conv_inst/USE_READ.USE_SPLIT_R.read_addr_inst/USE_R_CHANNEL.cmd_queue/inst/fifo_gen_inst/inst_fifo_gen/gconvfifo.rf/grf.rf/gntv_or_sync_fifo.gl0.rd/gr1.gr1_int.rfwft/gpregsm1.curr_fwft_state_reg[0]/CLR
  -------------------------------------------------------------------    -------------------

                         (clock clk_fpga_0 rise edge)
                                                      0.000     0.000 r  
    PS7_X0Y0             PS7                          0.000     0.000 r  i_system_wrapper/system_i/sys_ps7/inst/PS7_i/FCLKCLK[0]
                         net (fo=1, routed)           0.337     0.337    i_system_wrapper/system_i/sys_ps7/inst/FCLK_CLK_unbuffered[0]
    BUFGCTRL_X0Y16       BUFG (Prop_bufg_I_O)         0.029     0.366 r  i_system_wrapper/system_i/sys_ps7/inst/buffer_fclk_clk_0.FCLK_CLK_0_BUFG/O
                         net (fo=4623, routed)        0.839     1.205    i_system_wrapper/system_i/axi_hp0_interconnect/s00_couplers/auto_pc/inst/gen_axi4_axi3.axi3_conv_inst/USE_READ.USE_SPLIT_R.read_addr_inst/USE_R_CHANNEL.cmd_queue/inst/fifo_gen_inst/inst_fifo_gen/gconvfifo.rf/grf.rf/gntv_or_sync_fifo.gl0.rd/gr1.gr1_int.rfwft/clk
    SLICE_X27Y62         FDCE                                         r  i_system_wrapper/system_i/axi_hp0_interconnect/s00_couplers/auto_pc/inst/gen_axi4_axi3.axi3_conv_inst/USE_READ.USE_SPLIT_R.read_addr_inst/USE_R_CHANNEL.cmd_queue/inst/fifo_gen_inst/inst_fifo_gen/gconvfifo.rf/grf.rf/gntv_or_sync_fifo.gl0.rd/gr1.gr1_int.rfwft/gpregsm1.curr_fwft_state_reg[0]/C
                         clock pessimism             -0.264     0.941    
    SLICE_X27Y62         FDCE (Remov_fdce_C_CLR)     -0.092     0.849    i_system_wrapper/system_i/axi_hp0_interconnect/s00_couplers/auto_pc/inst/gen_axi4_axi3.axi3_conv_inst/USE_READ.USE_SPLIT_R.read_addr_inst/USE_R_CHANNEL.cmd_queue/inst/fifo_gen_inst/inst_fifo_gen/gconvfifo.rf/grf.rf/gntv_or_sync_fifo.gl0.rd/gr1.gr1_int.rfwft/gpregsm1.curr_fwft_state_reg[0]
  -------------------------------------------------------------------
                         required time                         -0.849    
                         arrival time                           1.226    
  -------------------------------------------------------------------
                         slack                                  0.378    





---------------------------------------------------------------------------------------------------
Path Group:  **async_default**
From Clock:  mmcm_clk_0_s
  To Clock:  mmcm_clk_0_s

Setup :            0  Failing Endpoints,  Worst Slack        1.184ns,  Total Violation        0.000ns
Hold  :            0  Failing Endpoints,  Worst Slack        0.424ns,  Total Violation        0.000ns
---------------------------------------------------------------------------------------------------


Max Delay Paths
--------------------------------------------------------------------------------------
Slack (MET) :             1.184ns  (required time - arrival time)
  Source:                 i_system_wrapper/system_i/axi_hdmi_core/inst/i_up/i_core_rst_reg/rst_reg/C
                            (rising edge-triggered cell FDRE clocked by mmcm_clk_0_s  {rise@0.000ns fall@3.367ns period=6.735ns})
  Destination:            i_system_wrapper/system_i/axi_hdmi_core/inst/i_up/i_xfer_cntrl/d_data_cntrl_reg[128]/CLR
                            (recovery check against rising-edge clock mmcm_clk_0_s  {rise@0.000ns fall@3.367ns period=6.735ns})
  Path Group:             **async_default**
  Path Type:              Recovery (Max at Slow Process Corner)
  Requirement:            6.735ns  (mmcm_clk_0_s rise@6.735ns - mmcm_clk_0_s rise@0.000ns)
  Data Path Delay:        5.017ns  (logic 0.456ns (9.090%)  route 4.561ns (90.910%))
  Logic Levels:           0  
  Clock Path Skew:        0.018ns (DCD - SCD + CPR)
    Destination Clock Delay (DCD):    2.747ns = ( 9.481 - 6.735 ) 
    Source Clock Delay      (SCD):    2.958ns
    Clock Pessimism Removal (CPR):    0.229ns
  Clock Uncertainty:      0.147ns  ((TSJ^2 + DJ^2)^1/2) / 2 + PE
    Total System Jitter     (TSJ):    0.071ns
    Discrete Jitter          (DJ):    0.286ns
    Phase Error              (PE):    0.000ns

    Location             Delay type                Incr(ns)  Path(ns)    Netlist Resource(s)
  -------------------------------------------------------------------    -------------------
                         (clock mmcm_clk_0_s rise edge)
                                                      0.000     0.000 r  
    PS7_X0Y0             PS7                          0.000     0.000 r  i_system_wrapper/system_i/sys_ps7/inst/PS7_i/FCLKCLK[1]
                         net (fo=1, routed)           1.193     1.193    i_system_wrapper/system_i/sys_ps7/inst/FCLK_CLK_unbuffered[1]
    BUFGCTRL_X0Y17       BUFG (Prop_bufg_I_O)         0.101     1.294 r  i_system_wrapper/system_i/sys_ps7/inst/buffer_fclk_clk_1.FCLK_CLK_1_BUFG/O
                         net (fo=2, routed)           1.762     3.056    i_system_wrapper/system_i/axi_hdmi_clkgen/inst/i_mmcm_drp/clk
    MMCME2_ADV_X0Y0      MMCME2_ADV (Prop_mmcme2_adv_CLKIN1_CLKOUT0)
                                                     -3.715    -0.659 r  i_system_wrapper/system_i/axi_hdmi_clkgen/inst/i_mmcm_drp/i_mmcm/CLKOUT0
                         net (fo=1, routed)           1.855     1.196    i_system_wrapper/system_i/axi_hdmi_clkgen/inst/i_mmcm_drp/mmcm_clk_0_s
    BUFGCTRL_X0Y0        BUFG (Prop_bufg_I_O)         0.101     1.297 r  i_system_wrapper/system_i/axi_hdmi_clkgen/inst/i_mmcm_drp/i_clk_0_bufg/O
                         net (fo=1084, routed)        1.661     2.958    i_system_wrapper/system_i/axi_hdmi_core/inst/i_up/i_core_rst_reg/clk
    SLICE_X35Y35         FDRE                                         r  i_system_wrapper/system_i/axi_hdmi_core/inst/i_up/i_core_rst_reg/rst_reg/C
  -------------------------------------------------------------------    -------------------
    SLICE_X35Y35         FDRE (Prop_fdre_C_Q)         0.456     3.414 f  i_system_wrapper/system_i/axi_hdmi_core/inst/i_up/i_core_rst_reg/rst_reg/Q
                         net (fo=241, routed)         4.561     7.975    i_system_wrapper/system_i/axi_hdmi_core/inst/i_up/i_xfer_cntrl/d_rst
    SLICE_X23Y19         FDCE                                         f  i_system_wrapper/system_i/axi_hdmi_core/inst/i_up/i_xfer_cntrl/d_data_cntrl_reg[128]/CLR
  -------------------------------------------------------------------    -------------------

                         (clock mmcm_clk_0_s rise edge)
                                                      6.735     6.735 r  
    PS7_X0Y0             PS7                          0.000     6.735 r  i_system_wrapper/system_i/sys_ps7/inst/PS7_i/FCLKCLK[1]
                         net (fo=1, routed)           1.088     7.823    i_system_wrapper/system_i/sys_ps7/inst/FCLK_CLK_unbuffered[1]
    BUFGCTRL_X0Y17       BUFG (Prop_bufg_I_O)         0.091     7.914 r  i_system_wrapper/system_i/sys_ps7/inst/buffer_fclk_clk_1.FCLK_CLK_1_BUFG/O
                         net (fo=2, routed)           1.570     9.484    i_system_wrapper/system_i/axi_hdmi_clkgen/inst/i_mmcm_drp/clk
    MMCME2_ADV_X0Y0      MMCME2_ADV (Prop_mmcme2_adv_CLKIN1_CLKOUT0)
                                                     -3.349     6.135 r  i_system_wrapper/system_i/axi_hdmi_clkgen/inst/i_mmcm_drp/i_mmcm/CLKOUT0
                         net (fo=1, routed)           1.691     7.826    i_system_wrapper/system_i/axi_hdmi_clkgen/inst/i_mmcm_drp/mmcm_clk_0_s
    BUFGCTRL_X0Y0        BUFG (Prop_bufg_I_O)         0.091     7.917 r  i_system_wrapper/system_i/axi_hdmi_clkgen/inst/i_mmcm_drp/i_clk_0_bufg/O
                         net (fo=1084, routed)        1.564     9.481    i_system_wrapper/system_i/axi_hdmi_core/inst/i_up/i_xfer_cntrl/d_clk
    SLICE_X23Y19         FDCE                                         r  i_system_wrapper/system_i/axi_hdmi_core/inst/i_up/i_xfer_cntrl/d_data_cntrl_reg[128]/C
                         clock pessimism              0.229     9.711    
                         clock uncertainty           -0.147     9.563    
    SLICE_X23Y19         FDCE (Recov_fdce_C_CLR)     -0.405     9.158    i_system_wrapper/system_i/axi_hdmi_core/inst/i_up/i_xfer_cntrl/d_data_cntrl_reg[128]
  -------------------------------------------------------------------
                         required time                          9.158    
                         arrival time                          -7.975    
  -------------------------------------------------------------------
                         slack                                  1.184    





Min Delay Paths
--------------------------------------------------------------------------------------
Slack (MET) :             0.424ns  (arrival time - required time)
  Source:                 i_system_wrapper/system_i/axi_hdmi_core/inst/i_up/i_core_rst_reg/rst_reg/C
                            (rising edge-triggered cell FDRE clocked by mmcm_clk_0_s  {rise@0.000ns fall@3.367ns period=6.735ns})
  Destination:            i_system_wrapper/system_i/axi_hdmi_core/inst/i_up/i_xfer_status/d_acc_data_reg[0]/CLR
                            (removal check against rising-edge clock mmcm_clk_0_s  {rise@0.000ns fall@3.367ns period=6.735ns})
  Path Group:             **async_default**
  Path Type:              Removal (Min at Fast Process Corner)
  Requirement:            0.000ns  (mmcm_clk_0_s rise@0.000ns - mmcm_clk_0_s rise@0.000ns)
  Data Path Delay:        0.363ns  (logic 0.141ns (38.890%)  route 0.222ns (61.110%))
  Logic Levels:           0  
  Clock Path Skew:        0.031ns (DCD - SCD - CPR)
    Destination Clock Delay (DCD):    1.190ns
    Source Clock Delay      (SCD):    0.896ns
    Clock Pessimism Removal (CPR):    0.263ns

    Location             Delay type                Incr(ns)  Path(ns)    Netlist Resource(s)
  -------------------------------------------------------------------    -------------------
                         (clock mmcm_clk_0_s rise edge)
                                                      0.000     0.000 r  
    PS7_X0Y0             PS7                          0.000     0.000 r  i_system_wrapper/system_i/sys_ps7/inst/PS7_i/FCLKCLK[1]
                         net (fo=1, routed)           0.310     0.310    i_system_wrapper/system_i/sys_ps7/inst/FCLK_CLK_unbuffered[1]
    BUFGCTRL_X0Y17       BUFG (Prop_bufg_I_O)         0.026     0.336 r  i_system_wrapper/system_i/sys_ps7/inst/buffer_fclk_clk_1.FCLK_CLK_1_BUFG/O
                         net (fo=2, routed)           0.580     0.916    i_system_wrapper/system_i/axi_hdmi_clkgen/inst/i_mmcm_drp/clk
    MMCME2_ADV_X0Y0      MMCME2_ADV (Prop_mmcme2_adv_CLKIN1_CLKOUT0)
                                                     -1.122    -0.206 r  i_system_wrapper/system_i/axi_hdmi_clkgen/inst/i_mmcm_drp/i_mmcm/CLKOUT0
                         net (fo=1, routed)           0.518     0.312    i_system_wrapper/system_i/axi_hdmi_clkgen/inst/i_mmcm_drp/mmcm_clk_0_s
    BUFGCTRL_X0Y0        BUFG (Prop_bufg_I_O)         0.026     0.338 r  i_system_wrapper/system_i/axi_hdmi_clkgen/inst/i_mmcm_drp/i_clk_0_bufg/O
                         net (fo=1084, routed)        0.558     0.896    i_system_wrapper/system_i/axi_hdmi_core/inst/i_up/i_core_rst_reg/clk
    SLICE_X35Y35         FDRE                                         r  i_system_wrapper/system_i/axi_hdmi_core/inst/i_up/i_core_rst_reg/rst_reg/C
  -------------------------------------------------------------------    -------------------
    SLICE_X35Y35         FDRE (Prop_fdre_C_Q)         0.141     1.037 f  i_system_wrapper/system_i/axi_hdmi_core/inst/i_up/i_core_rst_reg/rst_reg/Q
                         net (fo=241, routed)         0.222     1.258    i_system_wrapper/system_i/axi_hdmi_core/inst/i_up/i_xfer_status/d_rst
    SLICE_X37Y35         FDCE                                         f  i_system_wrapper/system_i/axi_hdmi_core/inst/i_up/i_xfer_status/d_acc_data_reg[0]/CLR
  -------------------------------------------------------------------    -------------------

                         (clock mmcm_clk_0_s rise edge)
                                                      0.000     0.000 r  
    PS7_X0Y0             PS7                          0.000     0.000 r  i_system_wrapper/system_i/sys_ps7/inst/PS7_i/FCLKCLK[1]
                         net (fo=1, routed)           0.337     0.337    i_system_wrapper/system_i/sys_ps7/inst/FCLK_CLK_unbuffered[1]
    BUFGCTRL_X0Y17       BUFG (Prop_bufg_I_O)         0.029     0.366 r  i_system_wrapper/system_i/sys_ps7/inst/buffer_fclk_clk_1.FCLK_CLK_1_BUFG/O
                         net (fo=2, routed)           0.846     1.212    i_system_wrapper/system_i/axi_hdmi_clkgen/inst/i_mmcm_drp/clk
    MMCME2_ADV_X0Y0      MMCME2_ADV (Prop_mmcme2_adv_CLKIN1_CLKOUT0)
                                                     -1.437    -0.225 r  i_system_wrapper/system_i/axi_hdmi_clkgen/inst/i_mmcm_drp/i_mmcm/CLKOUT0
                         net (fo=1, routed)           0.564     0.339    i_system_wrapper/system_i/axi_hdmi_clkgen/inst/i_mmcm_drp/mmcm_clk_0_s
    BUFGCTRL_X0Y0        BUFG (Prop_bufg_I_O)         0.029     0.368 r  i_system_wrapper/system_i/axi_hdmi_clkgen/inst/i_mmcm_drp/i_clk_0_bufg/O
                         net (fo=1084, routed)        0.822     1.190    i_system_wrapper/system_i/axi_hdmi_core/inst/i_up/i_xfer_status/d_clk
    SLICE_X37Y35         FDCE                                         r  i_system_wrapper/system_i/axi_hdmi_core/inst/i_up/i_xfer_status/d_acc_data_reg[0]/C
                         clock pessimism             -0.263     0.927    
    SLICE_X37Y35         FDCE (Remov_fdce_C_CLR)     -0.092     0.835    i_system_wrapper/system_i/axi_hdmi_core/inst/i_up/i_xfer_status/d_acc_data_reg[0]
  -------------------------------------------------------------------
                         required time                         -0.835    
                         arrival time                           1.258    
  -------------------------------------------------------------------
                         slack                                  0.424    





