Copyright 1986-2016 Xilinx, Inc. All Rights Reserved.
------------------------------------------------------------------------------------
| Tool Version : Vivado v.2016.2 (win64) Build 1577090 Thu Jun  2 16:32:40 MDT 2016
| Date         : Fri Dec 29 16:53:14 2017
| Host         : yuze_pc running 64-bit major release  (build 9200)
| Command      : report_timing_summary -file timing_synth.log
| Design       : system_top
| Device       : 7z020-clg484
| Speed File   : -1  PRODUCTION 1.11 2014-09-11
------------------------------------------------------------------------------------

Timing Summary Report

------------------------------------------------------------------------------------------------
| Timer Settings
| --------------
------------------------------------------------------------------------------------------------

  Enable Multi Corner Analysis               :  Yes
  Enable Pessimism Removal                   :  Yes
  Pessimism Removal Resolution               :  Nearest Common Node
  Enable Input Delay Default Clock           :  No
  Enable Preset / Clear Arcs                 :  No
  Disable Flight Delays                      :  No
  Ignore I/O Paths                           :  No
  Timing Early Launch at Borrowing Latches   :  false

  Corner  Analyze    Analyze    
  Name    Max Paths  Min Paths  
  ------  ---------  ---------  
  Slow    Yes        Yes        
  Fast    Yes        Yes        



check_timing report

Table of Contents
-----------------
1. checking no_clock
2. checking constant_clock
3. checking pulse_width_clock
4. checking unconstrained_internal_endpoints
5. checking no_input_delay
6. checking no_output_delay
7. checking multiple_clock
8. checking generated_clocks
9. checking loops
10. checking partial_input_delay
11. checking partial_output_delay
12. checking latch_loops

1. checking no_clock
--------------------
 There are 0 register/latch pins with no clock.


2. checking constant_clock
--------------------------
 There are 0 register/latch pins with constant_clock.


3. checking pulse_width_clock
-----------------------------
 There are 0 register/latch pins which need pulse_width check


4. checking unconstrained_internal_endpoints
--------------------------------------------
 There are 0 pins that are not constrained for maximum delay.

 There are 0 pins that are not constrained for maximum delay due to constant clock.


5. checking no_input_delay
--------------------------
 There are 7 input ports with no input delay specified. (HIGH)

 There are 0 input ports with no input delay but user has a false path constraint.


6. checking no_output_delay
---------------------------
 There are 30 ports with no output delay specified. (HIGH)

 There are 0 ports with no output delay but user has a false path constraint

 There are 0 ports with no output delay but with a timing clock defined on it or propagating through it


7. checking multiple_clock
--------------------------
 There are 0 register/latch pins with multiple clocks.


8. checking generated_clocks
----------------------------
 There are 0 generated clocks that are not connected to a clock source.


9. checking loops
-----------------
 There are 0 combinational loops in the design.


10. checking partial_input_delay
--------------------------------
 There are 0 input ports with partial input delay specified.


11. checking partial_output_delay
---------------------------------
 There are 0 ports with partial output delay specified.


12. checking latch_loops
------------------------
 There are 0 combinational latch loops in the design through latch input



------------------------------------------------------------------------------------------------
| Design Timing Summary
| ---------------------
------------------------------------------------------------------------------------------------

    WNS(ns)      TNS(ns)  TNS Failing Endpoints  TNS Total Endpoints      WHS(ns)      THS(ns)  THS Failing Endpoints  THS Total Endpoints     WPWS(ns)     TPWS(ns)  TPWS Failing Endpoints  TPWS Total Endpoints  
    -------      -------  ---------------------  -------------------      -------      -------  ---------------------  -------------------     --------     --------  ----------------------  --------------------  
      0.548        0.000                      0                14179        0.045        0.000                      0                14179        0.090        0.000                       0                  6054  


All user specified timing constraints are met.


------------------------------------------------------------------------------------------------
| Clock Summary
| -------------
------------------------------------------------------------------------------------------------

Clock                                                    Waveform(ns)         Period(ns)      Frequency(MHz)
-----                                                    ------------         ----------      --------------
clk_fpga_0                                               {0.000 5.000}        10.000          100.000         
clk_fpga_1                                               {0.000 2.500}        5.000           200.000         
  mmcm_clk_0_s                                           {0.000 3.367}        6.735           148.485         
  mmcm_clk_1_s                                           {0.000 3.367}        6.735           148.485         
  mmcm_clk_2_s                                           {0.000 1.122}        2.245           445.455         
  mmcm_fb_clk_s                                          {0.000 27.500}       55.000          18.182          
i_system_wrapper/system_i/sys_audio_clkgen/inst/clk_in1  {0.000 2.500}        5.000           200.000         
  clk_out1_system_sys_audio_clkgen_0                     {0.000 40.690}       81.380          12.288          
  clkfbout_system_sys_audio_clkgen_0                     {0.000 22.500}       45.000          22.222          


------------------------------------------------------------------------------------------------
| Intra Clock Table
| -----------------
------------------------------------------------------------------------------------------------

Clock                                                        WNS(ns)      TNS(ns)  TNS Failing Endpoints  TNS Total Endpoints      WHS(ns)      THS(ns)  THS Failing Endpoints  THS Total Endpoints     WPWS(ns)     TPWS(ns)  TPWS Failing Endpoints  TPWS Total Endpoints  
-----                                                        -------      -------  ---------------------  -------------------      -------      -------  ---------------------  -------------------     --------     --------  ----------------------  --------------------  
clk_fpga_0                                                     3.970        0.000                      0                11068        0.045        0.000                      0                11068        2.500        0.000                       0                  4743  
clk_fpga_1                                                                                                                                                                                                 1.100        0.000                       0                     2  
  mmcm_clk_0_s                                                 0.548        0.000                      0                 1669        0.045        0.000                      0                 1669        2.387        0.000                       0                  1261  
  mmcm_clk_1_s                                                                                                                                                                                             4.579        0.000                       0                     2  
  mmcm_clk_2_s                                                                                                                                                                                             0.090        0.000                       0                     2  
  mmcm_fb_clk_s                                                                                                                                                                                           45.000        0.000                       0                     3  
i_system_wrapper/system_i/sys_audio_clkgen/inst/clk_in1                                                                                                                                                    1.100        0.000                       0                     1  
  clk_out1_system_sys_audio_clkgen_0                          78.880        0.000                      0                   61        0.045        0.000                      0                   61       39.440        0.000                       0                    37  
  clkfbout_system_sys_audio_clkgen_0                                                                                                                                                                      42.845        0.000                       0                     3  


------------------------------------------------------------------------------------------------
| Inter Clock Table
| -----------------
------------------------------------------------------------------------------------------------

From Clock                          To Clock                                WNS(ns)      TNS(ns)  TNS Failing Endpoints  TNS Total Endpoints      WHS(ns)      THS(ns)  THS Failing Endpoints  THS Total Endpoints  
----------                          --------                                -------      -------  ---------------------  -------------------      -------      -------  ---------------------  -------------------  
clk_out1_system_sys_audio_clkgen_0  clk_fpga_0                                8.273        0.000                      0                    4                                                                        
clk_fpga_0                          clk_out1_system_sys_audio_clkgen_0       79.653        0.000                      0                    5                                                                        


------------------------------------------------------------------------------------------------
| Other Path Groups Table
| -----------------------
------------------------------------------------------------------------------------------------

Path Group         From Clock         To Clock               WNS(ns)      TNS(ns)  TNS Failing Endpoints  TNS Total Endpoints      WHS(ns)      THS(ns)  THS Failing Endpoints  THS Total Endpoints  
----------         ----------         --------               -------      -------  ---------------------  -------------------      -------      -------  ---------------------  -------------------  
**async_default**  clk_fpga_0         clk_fpga_0               7.250        0.000                      0                 1121        0.292        0.000                      0                 1121  
**async_default**  mmcm_clk_0_s       mmcm_clk_0_s             4.972        0.000                      0                  260        0.341        0.000                      0                  260  


------------------------------------------------------------------------------------------------
| Timing Details
| --------------
------------------------------------------------------------------------------------------------


---------------------------------------------------------------------------------------------------
From Clock:  clk_fpga_0
  To Clock:  clk_fpga_0

Setup :            0  Failing Endpoints,  Worst Slack        3.970ns,  Total Violation        0.000ns
Hold  :            0  Failing Endpoints,  Worst Slack        0.045ns,  Total Violation        0.000ns
PW    :            0  Failing Endpoints,  Worst Slack        2.500ns,  Total Violation        0.000ns
---------------------------------------------------------------------------------------------------


Max Delay Paths
--------------------------------------------------------------------------------------
Slack (MET) :             3.970ns  (required time - arrival time)
  Source:                 i_system_wrapper/system_i/axi_cpu_interconnect/s00_couplers/auto_pc/inst/gen_axilite.gen_b2s_conv.axilite_b2s/WR.b_channel_0/bid_fifo_0/memory_reg[3][1]_srl4/CLK
                            (rising edge-triggered cell SRL16E clocked by clk_fpga_0  {rise@0.000ns fall@5.000ns period=10.000ns})
  Destination:            i_system_wrapper/system_i/axi_cpu_interconnect/s00_couplers/auto_pc/inst/gen_axilite.gen_b2s_conv.axilite_b2s/WR.b_channel_0/bresp_cnt_reg[0]/R
                            (rising edge-triggered cell FDRE clocked by clk_fpga_0  {rise@0.000ns fall@5.000ns period=10.000ns})
  Path Group:             clk_fpga_0
  Path Type:              Setup (Max at Slow Process Corner)
  Requirement:            10.000ns  (clk_fpga_0 rise@10.000ns - clk_fpga_0 rise@0.000ns)
  Data Path Delay:        5.174ns  (logic 2.000ns (38.655%)  route 3.174ns (61.345%))
  Logic Levels:           3  (LUT2=1 LUT6=2)
  Clock Path Skew:        -0.145ns (DCD - SCD + CPR)
    Destination Clock Delay (DCD):    1.506ns = ( 11.506 - 10.000 ) 
    Source Clock Delay      (SCD):    1.701ns
    Clock Pessimism Removal (CPR):    0.050ns
  Clock Uncertainty:      0.154ns  ((TSJ^2 + TIJ^2)^1/2 + DJ) / 2 + PE
    Total System Jitter     (TSJ):    0.071ns
    Total Input Jitter      (TIJ):    0.300ns
    Discrete Jitter          (DJ):    0.000ns
    Phase Error              (PE):    0.000ns

    Location             Delay type                Incr(ns)  Path(ns)    Netlist Resource(s)
  -------------------------------------------------------------------    -------------------
                         (clock clk_fpga_0 rise edge)
                                                      0.000     0.000 r  
    PS7_X0Y0             PS7                          0.000     0.000 r  i_system_wrapper/system_i/sys_ps7/inst/PS7_i/FCLKCLK[0]
                         net (fo=1, unplaced)         0.800     0.800    i_system_wrapper/system_i/sys_ps7/inst/FCLK_CLK_unbuffered[0]
                         BUFG (Prop_bufg_I_O)         0.101     0.901 r  i_system_wrapper/system_i/sys_ps7/inst/buffer_fclk_clk_0.FCLK_CLK_0_BUFG/O
                         net (fo=4757, unplaced)      0.800     1.701    i_system_wrapper/system_i/axi_cpu_interconnect/s00_couplers/auto_pc/inst/gen_axilite.gen_b2s_conv.axilite_b2s/WR.b_channel_0/bid_fifo_0/aclk
                         SRL16E                                       r  i_system_wrapper/system_i/axi_cpu_interconnect/s00_couplers/auto_pc/inst/gen_axilite.gen_b2s_conv.axilite_b2s/WR.b_channel_0/bid_fifo_0/memory_reg[3][1]_srl4/CLK
  -------------------------------------------------------------------    -------------------
                         SRL16E (Prop_srl16e_CLK_Q)
                                                      1.628     3.329 f  i_system_wrapper/system_i/axi_cpu_interconnect/s00_couplers/auto_pc/inst/gen_axilite.gen_b2s_conv.axilite_b2s/WR.b_channel_0/bid_fifo_0/memory_reg[3][1]_srl4/Q
                         net (fo=2, unplaced)         0.975     4.304    i_system_wrapper/system_i/axi_cpu_interconnect/s00_couplers/auto_pc/inst/gen_axilite.gen_b2s_conv.axilite_b2s/WR.b_channel_0/bid_fifo_0/memory_reg[3][1]_srl4_n_0
                         LUT6 (Prop_lut6_I0_O)        0.124     4.428 f  i_system_wrapper/system_i/axi_cpu_interconnect/s00_couplers/auto_pc/inst/gen_axilite.gen_b2s_conv.axilite_b2s/WR.b_channel_0/bid_fifo_0/memory_reg[3][0]_srl4_i_3/O
                         net (fo=1, unplaced)         0.902     5.330    i_system_wrapper/system_i/axi_cpu_interconnect/s00_couplers/auto_pc/inst/gen_axilite.gen_b2s_conv.axilite_b2s/WR.b_channel_0/bid_fifo_0/memory_reg[3][0]_srl4_i_3_n_0
                         LUT6 (Prop_lut6_I3_O)        0.124     5.454 r  i_system_wrapper/system_i/axi_cpu_interconnect/s00_couplers/auto_pc/inst/gen_axilite.gen_b2s_conv.axilite_b2s/WR.b_channel_0/bid_fifo_0/memory_reg[3][0]_srl4_i_1__0/O
                         net (fo=5, unplaced)         0.477     5.931    i_system_wrapper/system_i/axi_cpu_interconnect/s00_couplers/auto_pc/inst/gen_axilite.gen_b2s_conv.axilite_b2s/WR.b_channel_0/bid_fifo_0/bresp_push
                         LUT2 (Prop_lut2_I1_O)        0.124     6.055 r  i_system_wrapper/system_i/axi_cpu_interconnect/s00_couplers/auto_pc/inst/gen_axilite.gen_b2s_conv.axilite_b2s/WR.b_channel_0/bid_fifo_0/bresp_cnt[7]_i_1/O
                         net (fo=10, unplaced)        0.820     6.875    i_system_wrapper/system_i/axi_cpu_interconnect/s00_couplers/auto_pc/inst/gen_axilite.gen_b2s_conv.axilite_b2s/WR.b_channel_0/s_bresp_acc0
                         FDRE                                         r  i_system_wrapper/system_i/axi_cpu_interconnect/s00_couplers/auto_pc/inst/gen_axilite.gen_b2s_conv.axilite_b2s/WR.b_channel_0/bresp_cnt_reg[0]/R
  -------------------------------------------------------------------    -------------------

                         (clock clk_fpga_0 rise edge)
                                                     10.000    10.000 r  
    PS7_X0Y0             PS7                          0.000    10.000 r  i_system_wrapper/system_i/sys_ps7/inst/PS7_i/FCLKCLK[0]
                         net (fo=1, unplaced)         0.760    10.760    i_system_wrapper/system_i/sys_ps7/inst/FCLK_CLK_unbuffered[0]
                         BUFG (Prop_bufg_I_O)         0.091    10.851 r  i_system_wrapper/system_i/sys_ps7/inst/buffer_fclk_clk_0.FCLK_CLK_0_BUFG/O
                         net (fo=4757, unplaced)      0.655    11.506    i_system_wrapper/system_i/axi_cpu_interconnect/s00_couplers/auto_pc/inst/gen_axilite.gen_b2s_conv.axilite_b2s/WR.b_channel_0/aclk
                         FDRE                                         r  i_system_wrapper/system_i/axi_cpu_interconnect/s00_couplers/auto_pc/inst/gen_axilite.gen_b2s_conv.axilite_b2s/WR.b_channel_0/bresp_cnt_reg[0]/C
                         clock pessimism              0.050    11.556    
                         clock uncertainty           -0.154    11.402    
                         FDRE (Setup_fdre_C_R)       -0.557    10.845    i_system_wrapper/system_i/axi_cpu_interconnect/s00_couplers/auto_pc/inst/gen_axilite.gen_b2s_conv.axilite_b2s/WR.b_channel_0/bresp_cnt_reg[0]
  -------------------------------------------------------------------
                         required time                         10.845    
                         arrival time                          -6.875    
  -------------------------------------------------------------------
                         slack                                  3.970    





Min Delay Paths
--------------------------------------------------------------------------------------
Slack (MET) :             0.045ns  (arrival time - required time)
  Source:                 i_system_wrapper/system_i/axi_hdmi_clkgen/inst/i_up_clkgen/i_mmcm_rst_reg/ad_rst_sync_m1_reg/C
                            (rising edge-triggered cell FDRE clocked by clk_fpga_0  {rise@0.000ns fall@5.000ns period=10.000ns})
  Destination:            i_system_wrapper/system_i/axi_hdmi_clkgen/inst/i_up_clkgen/i_mmcm_rst_reg/ad_rst_sync_reg/D
                            (rising edge-triggered cell FDRE clocked by clk_fpga_0  {rise@0.000ns fall@5.000ns period=10.000ns})
  Path Group:             clk_fpga_0
  Path Type:              Hold (Min at Fast Process Corner)
  Requirement:            0.000ns  (clk_fpga_0 rise@0.000ns - clk_fpga_0 rise@0.000ns)
  Data Path Delay:        0.228ns  (logic 0.147ns (64.374%)  route 0.081ns (35.626%))
  Logic Levels:           0  
  Clock Path Skew:        0.145ns (DCD - SCD - CPR)
    Destination Clock Delay (DCD):    0.739ns
    Source Clock Delay      (SCD):    0.573ns
    Clock Pessimism Removal (CPR):    0.021ns

    Location             Delay type                Incr(ns)  Path(ns)    Netlist Resource(s)
  -------------------------------------------------------------------    -------------------
                         (clock clk_fpga_0 rise edge)
                                                      0.000     0.000 r  
    PS7_X0Y0             PS7                          0.000     0.000 r  i_system_wrapper/system_i/sys_ps7/inst/PS7_i/FCLKCLK[0]
                         net (fo=1, unplaced)         0.337     0.337    i_system_wrapper/system_i/sys_ps7/inst/FCLK_CLK_unbuffered[0]
                         BUFG (Prop_bufg_I_O)         0.026     0.363 r  i_system_wrapper/system_i/sys_ps7/inst/buffer_fclk_clk_0.FCLK_CLK_0_BUFG/O
                         net (fo=4757, unplaced)      0.210     0.573    i_system_wrapper/system_i/axi_hdmi_clkgen/inst/i_up_clkgen/i_mmcm_rst_reg/clk
                         FDRE                                         r  i_system_wrapper/system_i/axi_hdmi_clkgen/inst/i_up_clkgen/i_mmcm_rst_reg/ad_rst_sync_m1_reg/C
  -------------------------------------------------------------------    -------------------
                         FDRE (Prop_fdre_C_Q)         0.147     0.720 r  i_system_wrapper/system_i/axi_hdmi_clkgen/inst/i_up_clkgen/i_mmcm_rst_reg/ad_rst_sync_m1_reg/Q
                         net (fo=1, unplaced)         0.081     0.801    i_system_wrapper/system_i/axi_hdmi_clkgen/inst/i_up_clkgen/i_mmcm_rst_reg/ad_rst_sync_m1
                         FDRE                                         r  i_system_wrapper/system_i/axi_hdmi_clkgen/inst/i_up_clkgen/i_mmcm_rst_reg/ad_rst_sync_reg/D
  -------------------------------------------------------------------    -------------------

                         (clock clk_fpga_0 rise edge)
                                                      0.000     0.000 r  
    PS7_X0Y0             PS7                          0.000     0.000 r  i_system_wrapper/system_i/sys_ps7/inst/PS7_i/FCLKCLK[0]
                         net (fo=1, unplaced)         0.355     0.355    i_system_wrapper/system_i/sys_ps7/inst/FCLK_CLK_unbuffered[0]
                         BUFG (Prop_bufg_I_O)         0.029     0.384 r  i_system_wrapper/system_i/sys_ps7/inst/buffer_fclk_clk_0.FCLK_CLK_0_BUFG/O
                         net (fo=4757, unplaced)      0.355     0.739    i_system_wrapper/system_i/axi_hdmi_clkgen/inst/i_up_clkgen/i_mmcm_rst_reg/clk
                         FDRE                                         r  i_system_wrapper/system_i/axi_hdmi_clkgen/inst/i_up_clkgen/i_mmcm_rst_reg/ad_rst_sync_reg/C
                         clock pessimism             -0.021     0.718    
                         FDRE (Hold_fdre_C_D)         0.038     0.756    i_system_wrapper/system_i/axi_hdmi_clkgen/inst/i_up_clkgen/i_mmcm_rst_reg/ad_rst_sync_reg
  -------------------------------------------------------------------
                         required time                         -0.756    
                         arrival time                           0.801    
  -------------------------------------------------------------------
                         slack                                  0.045    





Pulse Width Checks
--------------------------------------------------------------------------------------
Clock Name:         clk_fpga_0
Waveform(ns):       { 0.000 5.000 }
Period(ns):         10.000
Sources:            { i_system_wrapper/system_i/sys_ps7/inst/PS7_i/FCLKCLK[0] }

Check Type        Corner  Lib Pin          Reference Pin  Required(ns)  Actual(ns)  Slack(ns)  Location  Pin
Min Period        n/a     MMCME2_ADV/DCLK  n/a            4.999         10.000      5.001                i_system_wrapper/system_i/axi_hdmi_clkgen/inst/i_mmcm_drp/i_mmcm/DCLK
Low Pulse Width   Slow    MMCME2_ADV/DCLK  n/a            2.500         5.000       2.500                i_system_wrapper/system_i/axi_hdmi_clkgen/inst/i_mmcm_drp/i_mmcm/DCLK
High Pulse Width  Slow    MMCME2_ADV/DCLK  n/a            2.500         5.000       2.501                i_system_wrapper/system_i/axi_hdmi_clkgen/inst/i_mmcm_drp/i_mmcm/DCLK



---------------------------------------------------------------------------------------------------
From Clock:  clk_fpga_1
  To Clock:  clk_fpga_1

Setup :           NA  Failing Endpoints,  Worst Slack           NA  ,  Total Violation           NA
Hold  :           NA  Failing Endpoints,  Worst Slack           NA  ,  Total Violation           NA
PW    :            0  Failing Endpoints,  Worst Slack        1.100ns,  Total Violation        0.000ns
---------------------------------------------------------------------------------------------------


Pulse Width Checks
--------------------------------------------------------------------------------------
Clock Name:         clk_fpga_1
Waveform(ns):       { 0.000 2.500 }
Period(ns):         5.000
Sources:            { i_system_wrapper/system_i/sys_ps7/inst/PS7_i/FCLKCLK[1] }

Check Type        Corner  Lib Pin            Reference Pin  Required(ns)  Actual(ns)  Slack(ns)  Location  Pin
Min Period        n/a     BUFG/I             n/a            2.155         5.000       2.845                i_system_wrapper/system_i/sys_ps7/inst/buffer_fclk_clk_1.FCLK_CLK_1_BUFG/I
Max Period        n/a     MMCME2_ADV/CLKIN1  n/a            100.000       5.000       95.000               i_system_wrapper/system_i/axi_hdmi_clkgen/inst/i_mmcm_drp/i_mmcm/CLKIN1
Low Pulse Width   Slow    MMCME2_ADV/CLKIN1  n/a            1.400         2.500       1.100                i_system_wrapper/system_i/axi_hdmi_clkgen/inst/i_mmcm_drp/i_mmcm/CLKIN1
High Pulse Width  Fast    MMCME2_ADV/CLKIN1  n/a            1.400         2.500       1.100                i_system_wrapper/system_i/axi_hdmi_clkgen/inst/i_mmcm_drp/i_mmcm/CLKIN1



---------------------------------------------------------------------------------------------------
From Clock:  mmcm_clk_0_s
  To Clock:  mmcm_clk_0_s

Setup :            0  Failing Endpoints,  Worst Slack        0.548ns,  Total Violation        0.000ns
Hold  :            0  Failing Endpoints,  Worst Slack        0.045ns,  Total Violation        0.000ns
PW    :            0  Failing Endpoints,  Worst Slack        2.387ns,  Total Violation        0.000ns
---------------------------------------------------------------------------------------------------


Max Delay Paths
--------------------------------------------------------------------------------------
Slack (MET) :             0.548ns  (required time - arrival time)
  Source:                 i_system_wrapper/system_i/axi_hdmi_core/inst/i_up/i_xfer_cntrl/d_data_cntrl_reg[180]/C
                            (rising edge-triggered cell FDCE clocked by mmcm_clk_0_s  {rise@0.000ns fall@3.367ns period=6.735ns})
  Destination:            i_system_wrapper/system_i/axi_hdmi_core/inst/i_tx_core/hdmi_vs_count_reg[0]/R
                            (rising edge-triggered cell FDRE clocked by mmcm_clk_0_s  {rise@0.000ns fall@3.367ns period=6.735ns})
  Path Group:             mmcm_clk_0_s
  Path Type:              Setup (Max at Slow Process Corner)
  Requirement:            6.735ns  (mmcm_clk_0_s rise@6.735ns - mmcm_clk_0_s rise@0.000ns)
  Data Path Delay:        5.337ns  (logic 2.416ns (45.269%)  route 2.921ns (54.731%))
  Logic Levels:           6  (CARRY4=4 LUT2=1 LUT4=1)
  Clock Path Skew:        -0.145ns (DCD - SCD + CPR)
    Destination Clock Delay (DCD):    1.506ns = ( 8.240 - 6.735 ) 
    Source Clock Delay      (SCD):    1.701ns
    Clock Pessimism Removal (CPR):    0.050ns
  Clock Uncertainty:      0.147ns  ((TSJ^2 + DJ^2)^1/2) / 2 + PE
    Total System Jitter     (TSJ):    0.071ns
    Discrete Jitter          (DJ):    0.286ns
    Phase Error              (PE):    0.000ns

    Location             Delay type                Incr(ns)  Path(ns)    Netlist Resource(s)
  -------------------------------------------------------------------    -------------------
                         (clock mmcm_clk_0_s rise edge)
                                                      0.000     0.000 r  
    PS7_X0Y0             PS7                          0.000     0.000 r  i_system_wrapper/system_i/sys_ps7/inst/PS7_i/FCLKCLK[1]
                         net (fo=1, unplaced)         0.800     0.800    i_system_wrapper/system_i/sys_ps7/inst/FCLK_CLK_unbuffered[1]
                         BUFG (Prop_bufg_I_O)         0.101     0.901 r  i_system_wrapper/system_i/sys_ps7/inst/buffer_fclk_clk_1.FCLK_CLK_1_BUFG/O
                         net (fo=2, unplaced)         0.584     1.485    i_system_wrapper/system_i/axi_hdmi_clkgen/inst/i_mmcm_drp/clk
                         MMCME2_ADV (Prop_mmcme2_adv_CLKIN1_CLKOUT0)
                                                     -1.485     0.000 r  i_system_wrapper/system_i/axi_hdmi_clkgen/inst/i_mmcm_drp/i_mmcm/CLKOUT0
                         net (fo=1, unplaced)         0.800     0.800    i_system_wrapper/system_i/axi_hdmi_clkgen/inst/i_mmcm_drp/mmcm_clk_0_s
                         BUFG (Prop_bufg_I_O)         0.101     0.901 r  i_system_wrapper/system_i/axi_hdmi_clkgen/inst/i_mmcm_drp/i_clk_0_bufg/O
                         net (fo=1259, unplaced)      0.800     1.701    i_system_wrapper/system_i/axi_hdmi_core/inst/i_up/i_xfer_cntrl/d_clk
                         FDCE                                         r  i_system_wrapper/system_i/axi_hdmi_core/inst/i_up/i_xfer_cntrl/d_data_cntrl_reg[180]/C
  -------------------------------------------------------------------    -------------------
                         FDCE (Prop_fdce_C_Q)         0.478     2.179 r  i_system_wrapper/system_i/axi_hdmi_core/inst/i_up/i_xfer_cntrl/d_data_cntrl_reg[180]/Q
                         net (fo=2, unplaced)         0.658     2.837    i_system_wrapper/system_i/axi_hdmi_core/inst/i_tx_core/d_data_cntrl[163]
                         CARRY4 (Prop_carry4_DI[3]_CO[3])
                                                      0.567     3.404 r  i_system_wrapper/system_i/axi_hdmi_core/inst/i_tx_core/hdmi_hl_width_s_carry/CO[3]
                         net (fo=1, unplaced)         0.009     3.413    i_system_wrapper/system_i/axi_hdmi_core/inst/i_tx_core/hdmi_hl_width_s_carry_n_0
                         CARRY4 (Prop_carry4_CI_CO[3])
                                                      0.117     3.530 r  i_system_wrapper/system_i/axi_hdmi_core/inst/i_tx_core/hdmi_hl_width_s_carry__0/CO[3]
                         net (fo=1, unplaced)         0.000     3.530    i_system_wrapper/system_i/axi_hdmi_core/inst/i_tx_core/hdmi_hl_width_s_carry__0_n_0
                         CARRY4 (Prop_carry4_CI_O[2])
                                                      0.256     3.786 f  i_system_wrapper/system_i/axi_hdmi_core/inst/i_tx_core/hdmi_hl_width_s_carry__1/O[2]
                         net (fo=2, unplaced)         0.433     4.219    i_system_wrapper/system_i/axi_hdmi_core/inst/i_tx_core/hdmi_hl_width_s[11]
                         LUT4 (Prop_lut4_I1_O)        0.327     4.546 r  i_system_wrapper/system_i/axi_hdmi_core/inst/i_tx_core/hdmi_hs_count0_carry__0_i_3/O
                         net (fo=1, unplaced)         0.000     4.546    i_system_wrapper/system_i/axi_hdmi_core/inst/i_tx_core/hdmi_hs_count0_carry__0_i_3_n_0
                         CARRY4 (Prop_carry4_DI[1]_CO[3])
                                                      0.547     5.093 r  i_system_wrapper/system_i/axi_hdmi_core/inst/i_tx_core/hdmi_hs_count0_carry__0/CO[3]
                         net (fo=33, unplaced)        0.990     6.083    i_system_wrapper/system_i/axi_hdmi_core/inst/i_tx_core/hdmi_hs_count0_carry__0_n_0
                         LUT2 (Prop_lut2_I1_O)        0.124     6.207 r  i_system_wrapper/system_i/axi_hdmi_core/inst/i_tx_core/hdmi_vs_count[0]_i_1/O
                         net (fo=16, unplaced)        0.831     7.038    i_system_wrapper/system_i/axi_hdmi_core/inst/i_tx_core/hdmi_vs_count
                         FDRE                                         r  i_system_wrapper/system_i/axi_hdmi_core/inst/i_tx_core/hdmi_vs_count_reg[0]/R
  -------------------------------------------------------------------    -------------------

                         (clock mmcm_clk_0_s rise edge)
                                                      6.735     6.735 r  
    PS7_X0Y0             PS7                          0.000     6.735 r  i_system_wrapper/system_i/sys_ps7/inst/PS7_i/FCLKCLK[1]
                         net (fo=1, unplaced)         0.760     7.495    i_system_wrapper/system_i/sys_ps7/inst/FCLK_CLK_unbuffered[1]
                         BUFG (Prop_bufg_I_O)         0.091     7.586 r  i_system_wrapper/system_i/sys_ps7/inst/buffer_fclk_clk_1.FCLK_CLK_1_BUFG/O
                         net (fo=2, unplaced)         0.439     8.025    i_system_wrapper/system_i/axi_hdmi_clkgen/inst/i_mmcm_drp/clk
                         MMCME2_ADV (Prop_mmcme2_adv_CLKIN1_CLKOUT0)
                                                     -1.290     6.735 r  i_system_wrapper/system_i/axi_hdmi_clkgen/inst/i_mmcm_drp/i_mmcm/CLKOUT0
                         net (fo=1, unplaced)         0.760     7.495    i_system_wrapper/system_i/axi_hdmi_clkgen/inst/i_mmcm_drp/mmcm_clk_0_s
                         BUFG (Prop_bufg_I_O)         0.091     7.586 r  i_system_wrapper/system_i/axi_hdmi_clkgen/inst/i_mmcm_drp/i_clk_0_bufg/O
                         net (fo=1259, unplaced)      0.655     8.240    i_system_wrapper/system_i/axi_hdmi_core/inst/i_tx_core/hdmi_clk
                         FDRE                                         r  i_system_wrapper/system_i/axi_hdmi_core/inst/i_tx_core/hdmi_vs_count_reg[0]/C
                         clock pessimism              0.050     8.290    
                         clock uncertainty           -0.147     8.143    
                         FDRE (Setup_fdre_C_R)       -0.557     7.586    i_system_wrapper/system_i/axi_hdmi_core/inst/i_tx_core/hdmi_vs_count_reg[0]
  -------------------------------------------------------------------
                         required time                          7.586    
                         arrival time                          -7.038    
  -------------------------------------------------------------------
                         slack                                  0.548    





Min Delay Paths
--------------------------------------------------------------------------------------
Slack (MET) :             0.045ns  (arrival time - required time)
  Source:                 i_system_wrapper/system_i/axi_hdmi_core/inst/i_up/i_clock_mon/d_count_toggle_m1_reg/C
                            (rising edge-triggered cell FDCE clocked by mmcm_clk_0_s  {rise@0.000ns fall@3.367ns period=6.735ns})
  Destination:            i_system_wrapper/system_i/axi_hdmi_core/inst/i_up/i_clock_mon/d_count_toggle_m2_reg/D
                            (rising edge-triggered cell FDCE clocked by mmcm_clk_0_s  {rise@0.000ns fall@3.367ns period=6.735ns})
  Path Group:             mmcm_clk_0_s
  Path Type:              Hold (Min at Fast Process Corner)
  Requirement:            0.000ns  (mmcm_clk_0_s rise@0.000ns - mmcm_clk_0_s rise@0.000ns)
  Data Path Delay:        0.228ns  (logic 0.147ns (64.374%)  route 0.081ns (35.626%))
  Logic Levels:           0  
  Clock Path Skew:        0.145ns (DCD - SCD - CPR)
    Destination Clock Delay (DCD):    0.739ns
    Source Clock Delay      (SCD):    0.573ns
    Clock Pessimism Removal (CPR):    0.021ns

    Location             Delay type                Incr(ns)  Path(ns)    Netlist Resource(s)
  -------------------------------------------------------------------    -------------------
                         (clock mmcm_clk_0_s rise edge)
                                                      0.000     0.000 r  
    PS7_X0Y0             PS7                          0.000     0.000 r  i_system_wrapper/system_i/sys_ps7/inst/PS7_i/FCLKCLK[1]
                         net (fo=1, unplaced)         0.337     0.337    i_system_wrapper/system_i/sys_ps7/inst/FCLK_CLK_unbuffered[1]
                         BUFG (Prop_bufg_I_O)         0.026     0.363 r  i_system_wrapper/system_i/sys_ps7/inst/buffer_fclk_clk_1.FCLK_CLK_1_BUFG/O
                         net (fo=2, unplaced)         0.114     0.477    i_system_wrapper/system_i/axi_hdmi_clkgen/inst/i_mmcm_drp/clk
                         MMCME2_ADV (Prop_mmcme2_adv_CLKIN1_CLKOUT0)
                                                     -0.477     0.000 r  i_system_wrapper/system_i/axi_hdmi_clkgen/inst/i_mmcm_drp/i_mmcm/CLKOUT0
                         net (fo=1, unplaced)         0.337     0.337    i_system_wrapper/system_i/axi_hdmi_clkgen/inst/i_mmcm_drp/mmcm_clk_0_s
                         BUFG (Prop_bufg_I_O)         0.026     0.363 r  i_system_wrapper/system_i/axi_hdmi_clkgen/inst/i_mmcm_drp/i_clk_0_bufg/O
                         net (fo=1259, unplaced)      0.210     0.573    i_system_wrapper/system_i/axi_hdmi_core/inst/i_up/i_clock_mon/d_clk
                         FDCE                                         r  i_system_wrapper/system_i/axi_hdmi_core/inst/i_up/i_clock_mon/d_count_toggle_m1_reg/C
  -------------------------------------------------------------------    -------------------
                         FDCE (Prop_fdce_C_Q)         0.147     0.720 r  i_system_wrapper/system_i/axi_hdmi_core/inst/i_up/i_clock_mon/d_count_toggle_m1_reg/Q
                         net (fo=1, unplaced)         0.081     0.801    i_system_wrapper/system_i/axi_hdmi_core/inst/i_up/i_clock_mon/d_count_toggle_m1
                         FDCE                                         r  i_system_wrapper/system_i/axi_hdmi_core/inst/i_up/i_clock_mon/d_count_toggle_m2_reg/D
  -------------------------------------------------------------------    -------------------

                         (clock mmcm_clk_0_s rise edge)
                                                      0.000     0.000 r  
    PS7_X0Y0             PS7                          0.000     0.000 r  i_system_wrapper/system_i/sys_ps7/inst/PS7_i/FCLKCLK[1]
                         net (fo=1, unplaced)         0.355     0.355    i_system_wrapper/system_i/sys_ps7/inst/FCLK_CLK_unbuffered[1]
                         BUFG (Prop_bufg_I_O)         0.029     0.384 r  i_system_wrapper/system_i/sys_ps7/inst/buffer_fclk_clk_1.FCLK_CLK_1_BUFG/O
                         net (fo=2, unplaced)         0.259     0.643    i_system_wrapper/system_i/axi_hdmi_clkgen/inst/i_mmcm_drp/clk
                         MMCME2_ADV (Prop_mmcme2_adv_CLKIN1_CLKOUT0)
                                                     -0.643     0.000 r  i_system_wrapper/system_i/axi_hdmi_clkgen/inst/i_mmcm_drp/i_mmcm/CLKOUT0
                         net (fo=1, unplaced)         0.355     0.355    i_system_wrapper/system_i/axi_hdmi_clkgen/inst/i_mmcm_drp/mmcm_clk_0_s
                         BUFG (Prop_bufg_I_O)         0.029     0.384 r  i_system_wrapper/system_i/axi_hdmi_clkgen/inst/i_mmcm_drp/i_clk_0_bufg/O
                         net (fo=1259, unplaced)      0.355     0.739    i_system_wrapper/system_i/axi_hdmi_core/inst/i_up/i_clock_mon/d_clk
                         FDCE                                         r  i_system_wrapper/system_i/axi_hdmi_core/inst/i_up/i_clock_mon/d_count_toggle_m2_reg/C
                         clock pessimism             -0.021     0.718    
                         FDCE (Hold_fdce_C_D)         0.038     0.756    i_system_wrapper/system_i/axi_hdmi_core/inst/i_up/i_clock_mon/d_count_toggle_m2_reg
  -------------------------------------------------------------------
                         required time                         -0.756    
                         arrival time                           0.801    
  -------------------------------------------------------------------
                         slack                                  0.045    





Pulse Width Checks
--------------------------------------------------------------------------------------
Clock Name:         mmcm_clk_0_s
Waveform(ns):       { 0.000 3.367 }
Period(ns):         6.735
Sources:            { i_system_wrapper/system_i/axi_hdmi_clkgen/inst/i_mmcm_drp/i_mmcm/CLKOUT0 }

Check Type        Corner  Lib Pin             Reference Pin  Required(ns)  Actual(ns)  Slack(ns)  Location  Pin
Min Period        n/a     RAMB36E1/CLKARDCLK  n/a            2.576         6.735       4.159                i_system_wrapper/system_i/axi_hdmi_core/inst/i_tx_core/i_mem/m_ram_reg/CLKARDCLK
Max Period        n/a     MMCME2_ADV/CLKOUT0  n/a            213.360       6.735       206.625              i_system_wrapper/system_i/axi_hdmi_clkgen/inst/i_mmcm_drp/i_mmcm/CLKOUT0
Low Pulse Width   Slow    SRL16E/CLK          n/a            0.980         3.367       2.387                i_system_wrapper/system_i/axi_hdmi_core/inst/i_tx_core/i_es/hdmi_data_4d_reg[0]_srl3/CLK
High Pulse Width  Slow    SRL16E/CLK          n/a            0.980         3.367       2.387                i_system_wrapper/system_i/axi_hdmi_core/inst/i_tx_core/i_es/hdmi_data_4d_reg[0]_srl3/CLK



---------------------------------------------------------------------------------------------------
From Clock:  mmcm_clk_1_s
  To Clock:  mmcm_clk_1_s

Setup :           NA  Failing Endpoints,  Worst Slack           NA  ,  Total Violation           NA
Hold  :           NA  Failing Endpoints,  Worst Slack           NA  ,  Total Violation           NA
PW    :            0  Failing Endpoints,  Worst Slack        4.579ns,  Total Violation        0.000ns
---------------------------------------------------------------------------------------------------


Pulse Width Checks
--------------------------------------------------------------------------------------
Clock Name:         mmcm_clk_1_s
Waveform(ns):       { 0.000 3.367 }
Period(ns):         6.735
Sources:            { i_system_wrapper/system_i/axi_hdmi_clkgen/inst/i_mmcm_drp/i_mmcm/CLKOUT1 }

Check Type  Corner  Lib Pin             Reference Pin  Required(ns)  Actual(ns)  Slack(ns)  Location  Pin
Min Period  n/a     BUFG/I              n/a            2.155         6.735       4.579                i_system_wrapper/system_i/axi_hdmi_clkgen/inst/i_mmcm_drp/i_clk_1_bufg/I
Max Period  n/a     MMCME2_ADV/CLKOUT1  n/a            213.360       6.735       206.625              i_system_wrapper/system_i/axi_hdmi_clkgen/inst/i_mmcm_drp/i_mmcm/CLKOUT1



---------------------------------------------------------------------------------------------------
From Clock:  mmcm_clk_2_s
  To Clock:  mmcm_clk_2_s

Setup :           NA  Failing Endpoints,  Worst Slack           NA  ,  Total Violation           NA
Hold  :           NA  Failing Endpoints,  Worst Slack           NA  ,  Total Violation           NA
PW    :            0  Failing Endpoints,  Worst Slack        0.090ns,  Total Violation        0.000ns
---------------------------------------------------------------------------------------------------


Pulse Width Checks
--------------------------------------------------------------------------------------
Clock Name:         mmcm_clk_2_s
Waveform(ns):       { 0.000 1.122 }
Period(ns):         2.245
Sources:            { i_system_wrapper/system_i/axi_hdmi_clkgen/inst/i_mmcm_drp/i_mmcm/CLKOUT2 }

Check Type  Corner  Lib Pin             Reference Pin  Required(ns)  Actual(ns)  Slack(ns)  Location  Pin
Min Period  n/a     BUFG/I              n/a            2.155         2.245       0.090                i_system_wrapper/system_i/axi_hdmi_clkgen/inst/i_mmcm_drp/i_clk_2_bufg/I
Max Period  n/a     MMCME2_ADV/CLKOUT2  n/a            213.360       2.245       211.115              i_system_wrapper/system_i/axi_hdmi_clkgen/inst/i_mmcm_drp/i_mmcm/CLKOUT2



---------------------------------------------------------------------------------------------------
From Clock:  mmcm_fb_clk_s
  To Clock:  mmcm_fb_clk_s

Setup :           NA  Failing Endpoints,  Worst Slack           NA  ,  Total Violation           NA
Hold  :           NA  Failing Endpoints,  Worst Slack           NA  ,  Total Violation           NA
PW    :            0  Failing Endpoints,  Worst Slack       45.000ns,  Total Violation        0.000ns
---------------------------------------------------------------------------------------------------


Pulse Width Checks
--------------------------------------------------------------------------------------
Clock Name:         mmcm_fb_clk_s
Waveform(ns):       { 0.000 27.500 }
Period(ns):         55.000
Sources:            { i_system_wrapper/system_i/axi_hdmi_clkgen/inst/i_mmcm_drp/i_mmcm/CLKFBOUT }

Check Type  Corner  Lib Pin             Reference Pin  Required(ns)  Actual(ns)  Slack(ns)  Location  Pin
Min Period  n/a     BUFG/I              n/a            2.155         55.000      52.845               i_system_wrapper/system_i/axi_hdmi_clkgen/inst/i_mmcm_drp/i_fb_clk_bufg/I
Max Period  n/a     MMCME2_ADV/CLKFBIN  n/a            100.000       55.000      45.000               i_system_wrapper/system_i/axi_hdmi_clkgen/inst/i_mmcm_drp/i_mmcm/CLKFBIN



---------------------------------------------------------------------------------------------------
From Clock:  i_system_wrapper/system_i/sys_audio_clkgen/inst/clk_in1
  To Clock:  i_system_wrapper/system_i/sys_audio_clkgen/inst/clk_in1

Setup :           NA  Failing Endpoints,  Worst Slack           NA  ,  Total Violation           NA
Hold  :           NA  Failing Endpoints,  Worst Slack           NA  ,  Total Violation           NA
PW    :            0  Failing Endpoints,  Worst Slack        1.100ns,  Total Violation        0.000ns
---------------------------------------------------------------------------------------------------


Pulse Width Checks
--------------------------------------------------------------------------------------
Clock Name:         i_system_wrapper/system_i/sys_audio_clkgen/inst/clk_in1
Waveform(ns):       { 0.000 2.500 }
Period(ns):         5.000
Sources:            { i_system_wrapper/system_i/sys_audio_clkgen/inst/clk_in1 }

Check Type        Corner  Lib Pin            Reference Pin  Required(ns)  Actual(ns)  Slack(ns)  Location  Pin
Min Period        n/a     MMCME2_ADV/CLKIN1  n/a            1.249         5.000       3.751                i_system_wrapper/system_i/sys_audio_clkgen/inst/mmcm_adv_inst/CLKIN1
Max Period        n/a     MMCME2_ADV/CLKIN1  n/a            100.000       5.000       95.000               i_system_wrapper/system_i/sys_audio_clkgen/inst/mmcm_adv_inst/CLKIN1
Low Pulse Width   Slow    MMCME2_ADV/CLKIN1  n/a            1.400         2.500       1.100                i_system_wrapper/system_i/sys_audio_clkgen/inst/mmcm_adv_inst/CLKIN1
High Pulse Width  Slow    MMCME2_ADV/CLKIN1  n/a            1.400         2.500       1.100                i_system_wrapper/system_i/sys_audio_clkgen/inst/mmcm_adv_inst/CLKIN1



---------------------------------------------------------------------------------------------------
From Clock:  clk_out1_system_sys_audio_clkgen_0
  To Clock:  clk_out1_system_sys_audio_clkgen_0

Setup :            0  Failing Endpoints,  Worst Slack       78.880ns,  Total Violation        0.000ns
Hold  :            0  Failing Endpoints,  Worst Slack        0.045ns,  Total Violation        0.000ns
PW    :            0  Failing Endpoints,  Worst Slack       39.440ns,  Total Violation        0.000ns
---------------------------------------------------------------------------------------------------


Max Delay Paths
--------------------------------------------------------------------------------------
Slack (MET) :             78.880ns  (required time - arrival time)
  Source:                 i_system_wrapper/system_i/axi_i2s_adi/inst/ctrl/tx_sync/rd_addr_reg[0]/C
                            (rising edge-triggered cell FDRE clocked by clk_out1_system_sys_audio_clkgen_0  {rise@0.000ns fall@40.690ns period=81.380ns})
  Destination:            i_system_wrapper/system_i/axi_i2s_adi/inst/ctrl/tx_sync/out_data_reg[4]/D
                            (rising edge-triggered cell FDRE clocked by clk_out1_system_sys_audio_clkgen_0  {rise@0.000ns fall@40.690ns period=81.380ns})
  Path Group:             clk_out1_system_sys_audio_clkgen_0
  Path Type:              Setup (Max at Slow Process Corner)
  Requirement:            81.380ns  (clk_out1_system_sys_audio_clkgen_0 rise@81.380ns - clk_out1_system_sys_audio_clkgen_0 rise@0.000ns)
  Data Path Delay:        2.139ns  (logic 0.802ns (37.494%)  route 1.337ns (62.506%))
  Logic Levels:           1  (RAMD32=1)
  Clock Path Skew:        -0.145ns (DCD - SCD + CPR)
    Destination Clock Delay (DCD):    0.655ns = ( 82.035 - 81.380 ) 
    Source Clock Delay      (SCD):    0.800ns
    Clock Pessimism Removal (CPR):    0.000ns
  Clock Uncertainty:      0.168ns  ((TSJ^2 + DJ^2)^1/2) / 2 + PE
    Total System Jitter     (TSJ):    0.071ns
    Discrete Jitter          (DJ):    0.328ns
    Phase Error              (PE):    0.000ns

    Location             Delay type                Incr(ns)  Path(ns)    Netlist Resource(s)
  -------------------------------------------------------------------    -------------------
                         (clock clk_out1_system_sys_audio_clkgen_0 rise edge)
                                                      0.000     0.000 r  
                         BUFG                         0.000     0.000 r  i_system_wrapper/system_i/sys_ps7/inst/buffer_fclk_clk_1.FCLK_CLK_1_BUFG/O
                         net (fo=2, unplaced)         0.584     0.584    i_system_wrapper/system_i/sys_audio_clkgen/inst/clk_in1
                         MMCME2_ADV (Prop_mmcme2_adv_CLKIN1_CLKOUT0)
                                                     -1.485    -0.901 r  i_system_wrapper/system_i/sys_audio_clkgen/inst/mmcm_adv_inst/CLKOUT0
                         net (fo=1, unplaced)         0.800    -0.101    i_system_wrapper/system_i/sys_audio_clkgen/inst/clk_out1_system_sys_audio_clkgen_0
                         BUFG (Prop_bufg_I_O)         0.101    -0.000 r  i_system_wrapper/system_i/sys_audio_clkgen/inst/clkout1_buf/O
                         net (fo=36, unplaced)        0.800     0.800    i_system_wrapper/system_i/axi_i2s_adi/inst/ctrl/tx_sync/DATA_CLK_I
                         FDRE                                         r  i_system_wrapper/system_i/axi_i2s_adi/inst/ctrl/tx_sync/rd_addr_reg[0]/C
  -------------------------------------------------------------------    -------------------
                         FDRE (Prop_fdre_C_Q)         0.478     1.278 r  i_system_wrapper/system_i/axi_i2s_adi/inst/ctrl/tx_sync/rd_addr_reg[0]/Q
                         net (fo=8, unplaced)         1.003     2.281    i_system_wrapper/system_i/axi_i2s_adi/inst/ctrl/tx_sync/fifo_reg_0_3_0_4/ADDRC0
                         RAMD32 (Prop_ramd32_RADR0_O)
                                                      0.324     2.605 r  i_system_wrapper/system_i/axi_i2s_adi/inst/ctrl/tx_sync/fifo_reg_0_3_0_4/RAMC/O
                         net (fo=1, unplaced)         0.334     2.939    i_system_wrapper/system_i/axi_i2s_adi/inst/ctrl/tx_sync/out_data0[4]
                         FDRE                                         r  i_system_wrapper/system_i/axi_i2s_adi/inst/ctrl/tx_sync/out_data_reg[4]/D
  -------------------------------------------------------------------    -------------------

                         (clock clk_out1_system_sys_audio_clkgen_0 rise edge)
                                                     81.380    81.380 r  
                         BUFG                         0.000    81.380 r  i_system_wrapper/system_i/sys_ps7/inst/buffer_fclk_clk_1.FCLK_CLK_1_BUFG/O
                         net (fo=2, unplaced)         0.439    81.819    i_system_wrapper/system_i/sys_audio_clkgen/inst/clk_in1
                         MMCME2_ADV (Prop_mmcme2_adv_CLKIN1_CLKOUT0)
                                                     -1.290    80.529 r  i_system_wrapper/system_i/sys_audio_clkgen/inst/mmcm_adv_inst/CLKOUT0
                         net (fo=1, unplaced)         0.760    81.289    i_system_wrapper/system_i/sys_audio_clkgen/inst/clk_out1_system_sys_audio_clkgen_0
                         BUFG (Prop_bufg_I_O)         0.091    81.380 r  i_system_wrapper/system_i/sys_audio_clkgen/inst/clkout1_buf/O
                         net (fo=36, unplaced)        0.655    82.035    i_system_wrapper/system_i/axi_i2s_adi/inst/ctrl/tx_sync/DATA_CLK_I
                         FDRE                                         r  i_system_wrapper/system_i/axi_i2s_adi/inst/ctrl/tx_sync/out_data_reg[4]/C
                         clock pessimism              0.000    82.035    
                         clock uncertainty           -0.168    81.867    
                         FDRE (Setup_fdre_C_D)       -0.049    81.818    i_system_wrapper/system_i/axi_i2s_adi/inst/ctrl/tx_sync/out_data_reg[4]
  -------------------------------------------------------------------
                         required time                         81.818    
                         arrival time                          -2.939    
  -------------------------------------------------------------------
                         slack                                 78.880    





Min Delay Paths
--------------------------------------------------------------------------------------
Slack (MET) :             0.045ns  (arrival time - required time)
  Source:                 i_system_wrapper/system_i/axi_i2s_adi/inst/ctrl/tx_sync/cdc_sync_stage1_tick_reg/C
                            (rising edge-triggered cell FDRE clocked by clk_out1_system_sys_audio_clkgen_0  {rise@0.000ns fall@40.690ns period=81.380ns})
  Destination:            i_system_wrapper/system_i/axi_i2s_adi/inst/ctrl/tx_sync/cdc_sync_stage2_tick_reg/D
                            (rising edge-triggered cell FDRE clocked by clk_out1_system_sys_audio_clkgen_0  {rise@0.000ns fall@40.690ns period=81.380ns})
  Path Group:             clk_out1_system_sys_audio_clkgen_0
  Path Type:              Hold (Min at Fast Process Corner)
  Requirement:            0.000ns  (clk_out1_system_sys_audio_clkgen_0 rise@0.000ns - clk_out1_system_sys_audio_clkgen_0 rise@0.000ns)
  Data Path Delay:        0.228ns  (logic 0.147ns (64.374%)  route 0.081ns (35.626%))
  Logic Levels:           0  
  Clock Path Skew:        0.145ns (DCD - SCD - CPR)
    Destination Clock Delay (DCD):    0.355ns
    Source Clock Delay      (SCD):    0.210ns
    Clock Pessimism Removal (CPR):    -0.000ns

    Location             Delay type                Incr(ns)  Path(ns)    Netlist Resource(s)
  -------------------------------------------------------------------    -------------------
                         (clock clk_out1_system_sys_audio_clkgen_0 rise edge)
                                                      0.000     0.000 r  
                         BUFG                         0.000     0.000 r  i_system_wrapper/system_i/sys_ps7/inst/buffer_fclk_clk_1.FCLK_CLK_1_BUFG/O
                         net (fo=2, unplaced)         0.114     0.114    i_system_wrapper/system_i/sys_audio_clkgen/inst/clk_in1
                         MMCME2_ADV (Prop_mmcme2_adv_CLKIN1_CLKOUT0)
                                                     -0.477    -0.363 r  i_system_wrapper/system_i/sys_audio_clkgen/inst/mmcm_adv_inst/CLKOUT0
                         net (fo=1, unplaced)         0.337    -0.026    i_system_wrapper/system_i/sys_audio_clkgen/inst/clk_out1_system_sys_audio_clkgen_0
                         BUFG (Prop_bufg_I_O)         0.026     0.000 r  i_system_wrapper/system_i/sys_audio_clkgen/inst/clkout1_buf/O
                         net (fo=36, unplaced)        0.210     0.210    i_system_wrapper/system_i/axi_i2s_adi/inst/ctrl/tx_sync/DATA_CLK_I
                         FDRE                                         r  i_system_wrapper/system_i/axi_i2s_adi/inst/ctrl/tx_sync/cdc_sync_stage1_tick_reg/C
  -------------------------------------------------------------------    -------------------
                         FDRE (Prop_fdre_C_Q)         0.147     0.357 r  i_system_wrapper/system_i/axi_i2s_adi/inst/ctrl/tx_sync/cdc_sync_stage1_tick_reg/Q
                         net (fo=1, unplaced)         0.081     0.438    i_system_wrapper/system_i/axi_i2s_adi/inst/ctrl/tx_sync/cdc_sync_stage1_tick
                         FDRE                                         r  i_system_wrapper/system_i/axi_i2s_adi/inst/ctrl/tx_sync/cdc_sync_stage2_tick_reg/D
  -------------------------------------------------------------------    -------------------

                         (clock clk_out1_system_sys_audio_clkgen_0 rise edge)
                                                      0.000     0.000 r  
                         BUFG                         0.000     0.000 r  i_system_wrapper/system_i/sys_ps7/inst/buffer_fclk_clk_1.FCLK_CLK_1_BUFG/O
                         net (fo=2, unplaced)         0.259     0.259    i_system_wrapper/system_i/sys_audio_clkgen/inst/clk_in1
                         MMCME2_ADV (Prop_mmcme2_adv_CLKIN1_CLKOUT0)
                                                     -0.643    -0.384 r  i_system_wrapper/system_i/sys_audio_clkgen/inst/mmcm_adv_inst/CLKOUT0
                         net (fo=1, unplaced)         0.355    -0.029    i_system_wrapper/system_i/sys_audio_clkgen/inst/clk_out1_system_sys_audio_clkgen_0
                         BUFG (Prop_bufg_I_O)         0.029     0.000 r  i_system_wrapper/system_i/sys_audio_clkgen/inst/clkout1_buf/O
                         net (fo=36, unplaced)        0.355     0.355    i_system_wrapper/system_i/axi_i2s_adi/inst/ctrl/tx_sync/DATA_CLK_I
                         FDRE                                         r  i_system_wrapper/system_i/axi_i2s_adi/inst/ctrl/tx_sync/cdc_sync_stage2_tick_reg/C
                         clock pessimism              0.000     0.355    
                         FDRE (Hold_fdre_C_D)         0.038     0.393    i_system_wrapper/system_i/axi_i2s_adi/inst/ctrl/tx_sync/cdc_sync_stage2_tick_reg
  -------------------------------------------------------------------
                         required time                         -0.393    
                         arrival time                           0.438    
  -------------------------------------------------------------------
                         slack                                  0.045    





Pulse Width Checks
--------------------------------------------------------------------------------------
Clock Name:         clk_out1_system_sys_audio_clkgen_0
Waveform(ns):       { 0.000 40.690 }
Period(ns):         81.380
Sources:            { i_system_wrapper/system_i/sys_audio_clkgen/inst/mmcm_adv_inst/CLKOUT0 }

Check Type        Corner  Lib Pin             Reference Pin  Required(ns)  Actual(ns)  Slack(ns)  Location  Pin
Min Period        n/a     BUFG/I              n/a            2.155         81.380      79.225               i_system_wrapper/system_i/sys_audio_clkgen/inst/clkout1_buf/I
Max Period        n/a     MMCME2_ADV/CLKOUT0  n/a            213.360       81.380      131.980              i_system_wrapper/system_i/sys_audio_clkgen/inst/mmcm_adv_inst/CLKOUT0
Low Pulse Width   Fast    RAMD32/CLK          n/a            1.250         40.690      39.440               i_system_wrapper/system_i/axi_i2s_adi/inst/ctrl/rx_gen.rx_sync/fifo_reg_0_3_0_4/RAMA/CLK
High Pulse Width  Slow    RAMD32/CLK          n/a            1.250         40.690      39.440               i_system_wrapper/system_i/axi_i2s_adi/inst/ctrl/rx_gen.rx_sync/fifo_reg_0_3_0_4/RAMA/CLK



---------------------------------------------------------------------------------------------------
From Clock:  clkfbout_system_sys_audio_clkgen_0
  To Clock:  clkfbout_system_sys_audio_clkgen_0

Setup :           NA  Failing Endpoints,  Worst Slack           NA  ,  Total Violation           NA
Hold  :           NA  Failing Endpoints,  Worst Slack           NA  ,  Total Violation           NA
PW    :            0  Failing Endpoints,  Worst Slack       42.845ns,  Total Violation        0.000ns
---------------------------------------------------------------------------------------------------


Pulse Width Checks
--------------------------------------------------------------------------------------
Clock Name:         clkfbout_system_sys_audio_clkgen_0
Waveform(ns):       { 0.000 22.500 }
Period(ns):         45.000
Sources:            { i_system_wrapper/system_i/sys_audio_clkgen/inst/mmcm_adv_inst/CLKFBOUT }

Check Type  Corner  Lib Pin             Reference Pin  Required(ns)  Actual(ns)  Slack(ns)  Location  Pin
Min Period  n/a     BUFG/I              n/a            2.155         45.000      42.845               i_system_wrapper/system_i/sys_audio_clkgen/inst/clkf_buf/I
Max Period  n/a     MMCME2_ADV/CLKFBIN  n/a            100.000       45.000      55.000               i_system_wrapper/system_i/sys_audio_clkgen/inst/mmcm_adv_inst/CLKFBIN



---------------------------------------------------------------------------------------------------
From Clock:  clk_out1_system_sys_audio_clkgen_0
  To Clock:  clk_fpga_0

Setup :            0  Failing Endpoints,  Worst Slack        8.273ns,  Total Violation        0.000ns
Hold  :           NA  Failing Endpoints,  Worst Slack           NA  ,  Total Violation           NA
---------------------------------------------------------------------------------------------------


Max Delay Paths
--------------------------------------------------------------------------------------
Slack (MET) :             8.273ns  (required time - arrival time)
  Source:                 i_system_wrapper/system_i/axi_i2s_adi/inst/ctrl/rx_gen.rx_sync/fifo_reg_0_3_0_4/RAMA/CLK
                            (rising edge-triggered cell RAMD32 clocked by clk_out1_system_sys_audio_clkgen_0  {rise@0.000ns fall@40.690ns period=81.380ns})
  Destination:            i_system_wrapper/system_i/axi_i2s_adi/inst/ctrl/rx_gen.rx_sync/out_data_reg[0]/D
                            (rising edge-triggered cell FDRE clocked by clk_fpga_0  {rise@0.000ns fall@5.000ns period=10.000ns})
  Path Group:             clk_fpga_0
  Path Type:              Setup (Max at Slow Process Corner)
  Requirement:            10.000ns  (MaxDelay Path 10.000ns)
  Data Path Delay:        1.678ns  (logic 1.344ns (80.095%)  route 0.334ns (19.905%))
  Logic Levels:           0  
  Timing Exception:       MaxDelay Path 10.000ns -datapath_only

    Location             Delay type                Incr(ns)  Path(ns)    Netlist Resource(s)
  -------------------------------------------------------------------    -------------------
                                                      0.000     0.000 r  i_system_wrapper/system_i/axi_i2s_adi/inst/ctrl/rx_gen.rx_sync/fifo_reg_0_3_0_4/RAMA/CLK
                         RAMD32 (Prop_ramd32_CLK_O)
                                                      1.344     1.344 r  i_system_wrapper/system_i/axi_i2s_adi/inst/ctrl/rx_gen.rx_sync/fifo_reg_0_3_0_4/RAMA/O
                         net (fo=1, unplaced)         0.334     1.678    i_system_wrapper/system_i/axi_i2s_adi/inst/ctrl/rx_gen.rx_sync/out_data0__0[0]
                         FDRE                                         r  i_system_wrapper/system_i/axi_i2s_adi/inst/ctrl/rx_gen.rx_sync/out_data_reg[0]/D
  -------------------------------------------------------------------    -------------------

                         max delay                   10.000    10.000    
                         FDRE (Setup_fdre_C_D)       -0.049     9.951    i_system_wrapper/system_i/axi_i2s_adi/inst/ctrl/rx_gen.rx_sync/out_data_reg[0]
  -------------------------------------------------------------------
                         required time                          9.951    
                         arrival time                          -1.678    
  -------------------------------------------------------------------
                         slack                                  8.273    





---------------------------------------------------------------------------------------------------
From Clock:  clk_fpga_0
  To Clock:  clk_out1_system_sys_audio_clkgen_0

Setup :            0  Failing Endpoints,  Worst Slack       79.653ns,  Total Violation        0.000ns
Hold  :           NA  Failing Endpoints,  Worst Slack           NA  ,  Total Violation           NA
---------------------------------------------------------------------------------------------------


Max Delay Paths
--------------------------------------------------------------------------------------
Slack (MET) :             79.653ns  (required time - arrival time)
  Source:                 i_system_wrapper/system_i/axi_i2s_adi/inst/ctrl/tx_sync/fifo_reg_0_3_0_4/RAMA/CLK
                            (rising edge-triggered cell RAMD32 clocked by clk_fpga_0  {rise@0.000ns fall@5.000ns period=10.000ns})
  Destination:            i_system_wrapper/system_i/axi_i2s_adi/inst/ctrl/tx_sync/out_data_reg[0]/D
                            (rising edge-triggered cell FDRE clocked by clk_out1_system_sys_audio_clkgen_0  {rise@0.000ns fall@40.690ns period=81.380ns})
  Path Group:             clk_out1_system_sys_audio_clkgen_0
  Path Type:              Setup (Max at Slow Process Corner)
  Requirement:            81.380ns  (MaxDelay Path 81.380ns)
  Data Path Delay:        1.678ns  (logic 1.344ns (80.095%)  route 0.334ns (19.905%))
  Logic Levels:           0  
  Timing Exception:       MaxDelay Path 81.380ns -datapath_only

    Location             Delay type                Incr(ns)  Path(ns)    Netlist Resource(s)
  -------------------------------------------------------------------    -------------------
                                                      0.000     0.000 r  i_system_wrapper/system_i/axi_i2s_adi/inst/ctrl/tx_sync/fifo_reg_0_3_0_4/RAMA/CLK
                         RAMD32 (Prop_ramd32_CLK_O)
                                                      1.344     1.344 r  i_system_wrapper/system_i/axi_i2s_adi/inst/ctrl/tx_sync/fifo_reg_0_3_0_4/RAMA/O
                         net (fo=1, unplaced)         0.334     1.678    i_system_wrapper/system_i/axi_i2s_adi/inst/ctrl/tx_sync/out_data0[0]
                         FDRE                                         r  i_system_wrapper/system_i/axi_i2s_adi/inst/ctrl/tx_sync/out_data_reg[0]/D
  -------------------------------------------------------------------    -------------------

                         max delay                   81.380    81.380    
                         FDRE (Setup_fdre_C_D)       -0.049    81.331    i_system_wrapper/system_i/axi_i2s_adi/inst/ctrl/tx_sync/out_data_reg[0]
  -------------------------------------------------------------------
                         required time                         81.331    
                         arrival time                          -1.678    
  -------------------------------------------------------------------
                         slack                                 79.653    





---------------------------------------------------------------------------------------------------
Path Group:  **async_default**
From Clock:  clk_fpga_0
  To Clock:  clk_fpga_0

Setup :            0  Failing Endpoints,  Worst Slack        7.250ns,  Total Violation        0.000ns
Hold  :            0  Failing Endpoints,  Worst Slack        0.292ns,  Total Violation        0.000ns
---------------------------------------------------------------------------------------------------


Max Delay Paths
--------------------------------------------------------------------------------------
Slack (MET) :             7.250ns  (required time - arrival time)
  Source:                 i_system_wrapper/system_i/sys_rstgen/U0/ACTIVE_LOW_PR_OUT_DFF[0].peripheral_aresetn_reg[0]/C
                            (rising edge-triggered cell FDRE clocked by clk_fpga_0  {rise@0.000ns fall@5.000ns period=10.000ns})
  Destination:            i_system_wrapper/system_i/axi_hp0_interconnect/s00_couplers/auto_pc/inst/gen_axi4_axi3.axi3_conv_inst/USE_READ.USE_SPLIT_R.read_addr_inst/USE_R_CHANNEL.cmd_queue/inst/fifo_gen_inst/inst_fifo_gen/gconvfifo.rf/grf.rf/rstblk/ngwrdrst.grst.g7serrst.rst_rd_reg1_reg/PRE
                            (recovery check against rising-edge clock clk_fpga_0  {rise@0.000ns fall@5.000ns period=10.000ns})
  Path Group:             **async_default**
  Path Type:              Recovery (Max at Slow Process Corner)
  Requirement:            10.000ns  (clk_fpga_0 rise@10.000ns - clk_fpga_0 rise@0.000ns)
  Data Path Delay:        2.057ns  (logic 0.773ns (37.579%)  route 1.284ns (62.421%))
  Logic Levels:           1  (LUT1=1)
  Clock Path Skew:        -0.145ns (DCD - SCD + CPR)
    Destination Clock Delay (DCD):    1.506ns = ( 11.506 - 10.000 ) 
    Source Clock Delay      (SCD):    1.701ns
    Clock Pessimism Removal (CPR):    0.050ns
  Clock Uncertainty:      0.154ns  ((TSJ^2 + TIJ^2)^1/2 + DJ) / 2 + PE
    Total System Jitter     (TSJ):    0.071ns
    Total Input Jitter      (TIJ):    0.300ns
    Discrete Jitter          (DJ):    0.000ns
    Phase Error              (PE):    0.000ns

    Location             Delay type                Incr(ns)  Path(ns)    Netlist Resource(s)
  -------------------------------------------------------------------    -------------------
                         (clock clk_fpga_0 rise edge)
                                                      0.000     0.000 r  
    PS7_X0Y0             PS7                          0.000     0.000 r  i_system_wrapper/system_i/sys_ps7/inst/PS7_i/FCLKCLK[0]
                         net (fo=1, unplaced)         0.800     0.800    i_system_wrapper/system_i/sys_ps7/inst/FCLK_CLK_unbuffered[0]
                         BUFG (Prop_bufg_I_O)         0.101     0.901 r  i_system_wrapper/system_i/sys_ps7/inst/buffer_fclk_clk_0.FCLK_CLK_0_BUFG/O
                         net (fo=4757, unplaced)      0.800     1.701    i_system_wrapper/system_i/sys_rstgen/U0/slowest_sync_clk
                         FDRE                                         r  i_system_wrapper/system_i/sys_rstgen/U0/ACTIVE_LOW_PR_OUT_DFF[0].peripheral_aresetn_reg[0]/C
  -------------------------------------------------------------------    -------------------
                         FDRE (Prop_fdre_C_Q)         0.478     2.179 r  i_system_wrapper/system_i/sys_rstgen/U0/ACTIVE_LOW_PR_OUT_DFF[0].peripheral_aresetn_reg[0]/Q
                         net (fo=72, unplaced)        0.402     2.581    i_system_wrapper/system_i/axi_hp0_interconnect/s00_couplers/auto_pc/inst/gen_axi4_axi3.axi3_conv_inst/USE_READ.USE_SPLIT_R.read_addr_inst/USE_R_CHANNEL.cmd_queue/inst/aresetn
                         LUT1 (Prop_lut1_I0_O)        0.295     2.876 f  i_system_wrapper/system_i/axi_hp0_interconnect/s00_couplers/auto_pc/inst/gen_axi4_axi3.axi3_conv_inst/USE_READ.USE_SPLIT_R.read_addr_inst/USE_R_CHANNEL.cmd_queue/inst/S_AXI_ASIZE_Q[2]_i_1/O
                         net (fo=124, unplaced)       0.882     3.758    i_system_wrapper/system_i/axi_hp0_interconnect/s00_couplers/auto_pc/inst/gen_axi4_axi3.axi3_conv_inst/USE_READ.USE_SPLIT_R.read_addr_inst/USE_R_CHANNEL.cmd_queue/inst/fifo_gen_inst/inst_fifo_gen/gconvfifo.rf/grf.rf/rstblk/rst
                         FDPE                                         f  i_system_wrapper/system_i/axi_hp0_interconnect/s00_couplers/auto_pc/inst/gen_axi4_axi3.axi3_conv_inst/USE_READ.USE_SPLIT_R.read_addr_inst/USE_R_CHANNEL.cmd_queue/inst/fifo_gen_inst/inst_fifo_gen/gconvfifo.rf/grf.rf/rstblk/ngwrdrst.grst.g7serrst.rst_rd_reg1_reg/PRE
  -------------------------------------------------------------------    -------------------

                         (clock clk_fpga_0 rise edge)
                                                     10.000    10.000 r  
    PS7_X0Y0             PS7                          0.000    10.000 r  i_system_wrapper/system_i/sys_ps7/inst/PS7_i/FCLKCLK[0]
                         net (fo=1, unplaced)         0.760    10.760    i_system_wrapper/system_i/sys_ps7/inst/FCLK_CLK_unbuffered[0]
                         BUFG (Prop_bufg_I_O)         0.091    10.851 r  i_system_wrapper/system_i/sys_ps7/inst/buffer_fclk_clk_0.FCLK_CLK_0_BUFG/O
                         net (fo=4757, unplaced)      0.655    11.506    i_system_wrapper/system_i/axi_hp0_interconnect/s00_couplers/auto_pc/inst/gen_axi4_axi3.axi3_conv_inst/USE_READ.USE_SPLIT_R.read_addr_inst/USE_R_CHANNEL.cmd_queue/inst/fifo_gen_inst/inst_fifo_gen/gconvfifo.rf/grf.rf/rstblk/clk
                         FDPE                                         r  i_system_wrapper/system_i/axi_hp0_interconnect/s00_couplers/auto_pc/inst/gen_axi4_axi3.axi3_conv_inst/USE_READ.USE_SPLIT_R.read_addr_inst/USE_R_CHANNEL.cmd_queue/inst/fifo_gen_inst/inst_fifo_gen/gconvfifo.rf/grf.rf/rstblk/ngwrdrst.grst.g7serrst.rst_rd_reg1_reg/C
                         clock pessimism              0.050    11.556    
                         clock uncertainty           -0.154    11.402    
                         FDPE (Recov_fdpe_C_PRE)     -0.394    11.008    i_system_wrapper/system_i/axi_hp0_interconnect/s00_couplers/auto_pc/inst/gen_axi4_axi3.axi3_conv_inst/USE_READ.USE_SPLIT_R.read_addr_inst/USE_R_CHANNEL.cmd_queue/inst/fifo_gen_inst/inst_fifo_gen/gconvfifo.rf/grf.rf/rstblk/ngwrdrst.grst.g7serrst.rst_rd_reg1_reg
  -------------------------------------------------------------------
                         required time                         11.008    
                         arrival time                          -3.758    
  -------------------------------------------------------------------
                         slack                                  7.250    





Min Delay Paths
--------------------------------------------------------------------------------------
Slack (MET) :             0.292ns  (arrival time - required time)
  Source:                 i_system_wrapper/system_i/axi_hp0_interconnect/s00_couplers/auto_pc/inst/gen_axi4_axi3.axi3_conv_inst/USE_READ.USE_SPLIT_R.read_addr_inst/USE_R_CHANNEL.cmd_queue/inst/fifo_gen_inst/inst_fifo_gen/gconvfifo.rf/grf.rf/rstblk/ngwrdrst.grst.g7serrst.rst_rd_reg2_reg/C
                            (rising edge-triggered cell FDPE clocked by clk_fpga_0  {rise@0.000ns fall@5.000ns period=10.000ns})
  Destination:            i_system_wrapper/system_i/axi_hp0_interconnect/s00_couplers/auto_pc/inst/gen_axi4_axi3.axi3_conv_inst/USE_READ.USE_SPLIT_R.read_addr_inst/USE_R_CHANNEL.cmd_queue/inst/fifo_gen_inst/inst_fifo_gen/gconvfifo.rf/grf.rf/rstblk/ngwrdrst.grst.g7serrst.rd_rst_asreg_reg/PRE
                            (removal check against rising-edge clock clk_fpga_0  {rise@0.000ns fall@5.000ns period=10.000ns})
  Path Group:             **async_default**
  Path Type:              Removal (Min at Fast Process Corner)
  Requirement:            0.000ns  (clk_fpga_0 rise@0.000ns - clk_fpga_0 rise@0.000ns)
  Data Path Delay:        0.292ns  (logic 0.147ns (50.342%)  route 0.145ns (49.658%))
  Logic Levels:           0  
  Clock Path Skew:        0.145ns (DCD - SCD - CPR)
    Destination Clock Delay (DCD):    0.739ns
    Source Clock Delay      (SCD):    0.573ns
    Clock Pessimism Removal (CPR):    0.021ns

    Location             Delay type                Incr(ns)  Path(ns)    Netlist Resource(s)
  -------------------------------------------------------------------    -------------------
                         (clock clk_fpga_0 rise edge)
                                                      0.000     0.000 r  
    PS7_X0Y0             PS7                          0.000     0.000 r  i_system_wrapper/system_i/sys_ps7/inst/PS7_i/FCLKCLK[0]
                         net (fo=1, unplaced)         0.337     0.337    i_system_wrapper/system_i/sys_ps7/inst/FCLK_CLK_unbuffered[0]
                         BUFG (Prop_bufg_I_O)         0.026     0.363 r  i_system_wrapper/system_i/sys_ps7/inst/buffer_fclk_clk_0.FCLK_CLK_0_BUFG/O
                         net (fo=4757, unplaced)      0.210     0.573    i_system_wrapper/system_i/axi_hp0_interconnect/s00_couplers/auto_pc/inst/gen_axi4_axi3.axi3_conv_inst/USE_READ.USE_SPLIT_R.read_addr_inst/USE_R_CHANNEL.cmd_queue/inst/fifo_gen_inst/inst_fifo_gen/gconvfifo.rf/grf.rf/rstblk/clk
                         FDPE                                         r  i_system_wrapper/system_i/axi_hp0_interconnect/s00_couplers/auto_pc/inst/gen_axi4_axi3.axi3_conv_inst/USE_READ.USE_SPLIT_R.read_addr_inst/USE_R_CHANNEL.cmd_queue/inst/fifo_gen_inst/inst_fifo_gen/gconvfifo.rf/grf.rf/rstblk/ngwrdrst.grst.g7serrst.rst_rd_reg2_reg/C
  -------------------------------------------------------------------    -------------------
                         FDPE (Prop_fdpe_C_Q)         0.147     0.720 f  i_system_wrapper/system_i/axi_hp0_interconnect/s00_couplers/auto_pc/inst/gen_axi4_axi3.axi3_conv_inst/USE_READ.USE_SPLIT_R.read_addr_inst/USE_R_CHANNEL.cmd_queue/inst/fifo_gen_inst/inst_fifo_gen/gconvfifo.rf/grf.rf/rstblk/ngwrdrst.grst.g7serrst.rst_rd_reg2_reg/Q
                         net (fo=1, unplaced)         0.145     0.865    i_system_wrapper/system_i/axi_hp0_interconnect/s00_couplers/auto_pc/inst/gen_axi4_axi3.axi3_conv_inst/USE_READ.USE_SPLIT_R.read_addr_inst/USE_R_CHANNEL.cmd_queue/inst/fifo_gen_inst/inst_fifo_gen/gconvfifo.rf/grf.rf/rstblk/rst_rd_reg2
                         FDPE                                         f  i_system_wrapper/system_i/axi_hp0_interconnect/s00_couplers/auto_pc/inst/gen_axi4_axi3.axi3_conv_inst/USE_READ.USE_SPLIT_R.read_addr_inst/USE_R_CHANNEL.cmd_queue/inst/fifo_gen_inst/inst_fifo_gen/gconvfifo.rf/grf.rf/rstblk/ngwrdrst.grst.g7serrst.rd_rst_asreg_reg/PRE
  -------------------------------------------------------------------    -------------------

                         (clock clk_fpga_0 rise edge)
                                                      0.000     0.000 r  
    PS7_X0Y0             PS7                          0.000     0.000 r  i_system_wrapper/system_i/sys_ps7/inst/PS7_i/FCLKCLK[0]
                         net (fo=1, unplaced)         0.355     0.355    i_system_wrapper/system_i/sys_ps7/inst/FCLK_CLK_unbuffered[0]
                         BUFG (Prop_bufg_I_O)         0.029     0.384 r  i_system_wrapper/system_i/sys_ps7/inst/buffer_fclk_clk_0.FCLK_CLK_0_BUFG/O
                         net (fo=4757, unplaced)      0.355     0.739    i_system_wrapper/system_i/axi_hp0_interconnect/s00_couplers/auto_pc/inst/gen_axi4_axi3.axi3_conv_inst/USE_READ.USE_SPLIT_R.read_addr_inst/USE_R_CHANNEL.cmd_queue/inst/fifo_gen_inst/inst_fifo_gen/gconvfifo.rf/grf.rf/rstblk/clk
                         FDPE                                         r  i_system_wrapper/system_i/axi_hp0_interconnect/s00_couplers/auto_pc/inst/gen_axi4_axi3.axi3_conv_inst/USE_READ.USE_SPLIT_R.read_addr_inst/USE_R_CHANNEL.cmd_queue/inst/fifo_gen_inst/inst_fifo_gen/gconvfifo.rf/grf.rf/rstblk/ngwrdrst.grst.g7serrst.rd_rst_asreg_reg/C
                         clock pessimism             -0.021     0.718    
                         FDPE (Remov_fdpe_C_PRE)     -0.145     0.573    i_system_wrapper/system_i/axi_hp0_interconnect/s00_couplers/auto_pc/inst/gen_axi4_axi3.axi3_conv_inst/USE_READ.USE_SPLIT_R.read_addr_inst/USE_R_CHANNEL.cmd_queue/inst/fifo_gen_inst/inst_fifo_gen/gconvfifo.rf/grf.rf/rstblk/ngwrdrst.grst.g7serrst.rd_rst_asreg_reg
  -------------------------------------------------------------------
                         required time                         -0.573    
                         arrival time                           0.865    
  -------------------------------------------------------------------
                         slack                                  0.292    





---------------------------------------------------------------------------------------------------
Path Group:  **async_default**
From Clock:  mmcm_clk_0_s
  To Clock:  mmcm_clk_0_s

Setup :            0  Failing Endpoints,  Worst Slack        4.972ns,  Total Violation        0.000ns
Hold  :            0  Failing Endpoints,  Worst Slack        0.341ns,  Total Violation        0.000ns
---------------------------------------------------------------------------------------------------


Max Delay Paths
--------------------------------------------------------------------------------------
Slack (MET) :             4.972ns  (required time - arrival time)
  Source:                 i_system_wrapper/system_i/axi_hdmi_core/inst/i_up/i_core_rst_reg/rst_reg/C
                            (rising edge-triggered cell FDRE clocked by mmcm_clk_0_s  {rise@0.000ns fall@3.367ns period=6.735ns})
  Destination:            i_system_wrapper/system_i/axi_hdmi_core/inst/i_tx_core/hdmi_fs_ret_toggle_m1_reg/CLR
                            (recovery check against rising-edge clock mmcm_clk_0_s  {rise@0.000ns fall@3.367ns period=6.735ns})
  Path Group:             **async_default**
  Path Type:              Recovery (Max at Slow Process Corner)
  Requirement:            6.735ns  (mmcm_clk_0_s rise@6.735ns - mmcm_clk_0_s rise@0.000ns)
  Data Path Delay:        0.947ns  (logic 0.478ns (50.475%)  route 0.469ns (49.525%))
  Logic Levels:           0  
  Clock Path Skew:        -0.145ns (DCD - SCD + CPR)
    Destination Clock Delay (DCD):    1.506ns = ( 8.240 - 6.735 ) 
    Source Clock Delay      (SCD):    1.701ns
    Clock Pessimism Removal (CPR):    0.050ns
  Clock Uncertainty:      0.147ns  ((TSJ^2 + DJ^2)^1/2) / 2 + PE
    Total System Jitter     (TSJ):    0.071ns
    Discrete Jitter          (DJ):    0.286ns
    Phase Error              (PE):    0.000ns

    Location             Delay type                Incr(ns)  Path(ns)    Netlist Resource(s)
  -------------------------------------------------------------------    -------------------
                         (clock mmcm_clk_0_s rise edge)
                                                      0.000     0.000 r  
    PS7_X0Y0             PS7                          0.000     0.000 r  i_system_wrapper/system_i/sys_ps7/inst/PS7_i/FCLKCLK[1]
                         net (fo=1, unplaced)         0.800     0.800    i_system_wrapper/system_i/sys_ps7/inst/FCLK_CLK_unbuffered[1]
                         BUFG (Prop_bufg_I_O)         0.101     0.901 r  i_system_wrapper/system_i/sys_ps7/inst/buffer_fclk_clk_1.FCLK_CLK_1_BUFG/O
                         net (fo=2, unplaced)         0.584     1.485    i_system_wrapper/system_i/axi_hdmi_clkgen/inst/i_mmcm_drp/clk
                         MMCME2_ADV (Prop_mmcme2_adv_CLKIN1_CLKOUT0)
                                                     -1.485     0.000 r  i_system_wrapper/system_i/axi_hdmi_clkgen/inst/i_mmcm_drp/i_mmcm/CLKOUT0
                         net (fo=1, unplaced)         0.800     0.800    i_system_wrapper/system_i/axi_hdmi_clkgen/inst/i_mmcm_drp/mmcm_clk_0_s
                         BUFG (Prop_bufg_I_O)         0.101     0.901 r  i_system_wrapper/system_i/axi_hdmi_clkgen/inst/i_mmcm_drp/i_clk_0_bufg/O
                         net (fo=1259, unplaced)      0.800     1.701    i_system_wrapper/system_i/axi_hdmi_core/inst/i_up/i_core_rst_reg/clk
                         FDRE                                         r  i_system_wrapper/system_i/axi_hdmi_core/inst/i_up/i_core_rst_reg/rst_reg/C
  -------------------------------------------------------------------    -------------------
                         FDRE (Prop_fdre_C_Q)         0.478     2.179 f  i_system_wrapper/system_i/axi_hdmi_core/inst/i_up/i_core_rst_reg/rst_reg/Q
                         net (fo=273, unplaced)       0.469     2.648    i_system_wrapper/system_i/axi_hdmi_core/inst/i_tx_core/rst
                         FDCE                                         f  i_system_wrapper/system_i/axi_hdmi_core/inst/i_tx_core/hdmi_fs_ret_toggle_m1_reg/CLR
  -------------------------------------------------------------------    -------------------

                         (clock mmcm_clk_0_s rise edge)
                                                      6.735     6.735 r  
    PS7_X0Y0             PS7                          0.000     6.735 r  i_system_wrapper/system_i/sys_ps7/inst/PS7_i/FCLKCLK[1]
                         net (fo=1, unplaced)         0.760     7.495    i_system_wrapper/system_i/sys_ps7/inst/FCLK_CLK_unbuffered[1]
                         BUFG (Prop_bufg_I_O)         0.091     7.586 r  i_system_wrapper/system_i/sys_ps7/inst/buffer_fclk_clk_1.FCLK_CLK_1_BUFG/O
                         net (fo=2, unplaced)         0.439     8.025    i_system_wrapper/system_i/axi_hdmi_clkgen/inst/i_mmcm_drp/clk
                         MMCME2_ADV (Prop_mmcme2_adv_CLKIN1_CLKOUT0)
                                                     -1.290     6.735 r  i_system_wrapper/system_i/axi_hdmi_clkgen/inst/i_mmcm_drp/i_mmcm/CLKOUT0
                         net (fo=1, unplaced)         0.760     7.495    i_system_wrapper/system_i/axi_hdmi_clkgen/inst/i_mmcm_drp/mmcm_clk_0_s
                         BUFG (Prop_bufg_I_O)         0.091     7.586 r  i_system_wrapper/system_i/axi_hdmi_clkgen/inst/i_mmcm_drp/i_clk_0_bufg/O
                         net (fo=1259, unplaced)      0.655     8.240    i_system_wrapper/system_i/axi_hdmi_core/inst/i_tx_core/hdmi_clk
                         FDCE                                         r  i_system_wrapper/system_i/axi_hdmi_core/inst/i_tx_core/hdmi_fs_ret_toggle_m1_reg/C
                         clock pessimism              0.050     8.290    
                         clock uncertainty           -0.147     8.143    
                         FDCE (Recov_fdce_C_CLR)     -0.523     7.620    i_system_wrapper/system_i/axi_hdmi_core/inst/i_tx_core/hdmi_fs_ret_toggle_m1_reg
  -------------------------------------------------------------------
                         required time                          7.620    
                         arrival time                          -2.648    
  -------------------------------------------------------------------
                         slack                                  4.972    





Min Delay Paths
--------------------------------------------------------------------------------------
Slack (MET) :             0.341ns  (arrival time - required time)
  Source:                 i_system_wrapper/system_i/axi_hdmi_core/inst/i_up/i_core_rst_reg/rst_reg/C
                            (rising edge-triggered cell FDRE clocked by mmcm_clk_0_s  {rise@0.000ns fall@3.367ns period=6.735ns})
  Destination:            i_system_wrapper/system_i/axi_hdmi_core/inst/i_tx_core/hdmi_fs_ret_toggle_m1_reg/CLR
                            (removal check against rising-edge clock mmcm_clk_0_s  {rise@0.000ns fall@3.367ns period=6.735ns})
  Path Group:             **async_default**
  Path Type:              Removal (Min at Fast Process Corner)
  Requirement:            0.000ns  (mmcm_clk_0_s rise@0.000ns - mmcm_clk_0_s rise@0.000ns)
  Data Path Delay:        0.345ns  (logic 0.147ns (42.647%)  route 0.198ns (57.353%))
  Logic Levels:           0  
  Clock Path Skew:        0.145ns (DCD - SCD - CPR)
    Destination Clock Delay (DCD):    0.739ns
    Source Clock Delay      (SCD):    0.573ns
    Clock Pessimism Removal (CPR):    0.021ns

    Location             Delay type                Incr(ns)  Path(ns)    Netlist Resource(s)
  -------------------------------------------------------------------    -------------------
                         (clock mmcm_clk_0_s rise edge)
                                                      0.000     0.000 r  
    PS7_X0Y0             PS7                          0.000     0.000 r  i_system_wrapper/system_i/sys_ps7/inst/PS7_i/FCLKCLK[1]
                         net (fo=1, unplaced)         0.337     0.337    i_system_wrapper/system_i/sys_ps7/inst/FCLK_CLK_unbuffered[1]
                         BUFG (Prop_bufg_I_O)         0.026     0.363 r  i_system_wrapper/system_i/sys_ps7/inst/buffer_fclk_clk_1.FCLK_CLK_1_BUFG/O
                         net (fo=2, unplaced)         0.114     0.477    i_system_wrapper/system_i/axi_hdmi_clkgen/inst/i_mmcm_drp/clk
                         MMCME2_ADV (Prop_mmcme2_adv_CLKIN1_CLKOUT0)
                                                     -0.477     0.000 r  i_system_wrapper/system_i/axi_hdmi_clkgen/inst/i_mmcm_drp/i_mmcm/CLKOUT0
                         net (fo=1, unplaced)         0.337     0.337    i_system_wrapper/system_i/axi_hdmi_clkgen/inst/i_mmcm_drp/mmcm_clk_0_s
                         BUFG (Prop_bufg_I_O)         0.026     0.363 r  i_system_wrapper/system_i/axi_hdmi_clkgen/inst/i_mmcm_drp/i_clk_0_bufg/O
                         net (fo=1259, unplaced)      0.210     0.573    i_system_wrapper/system_i/axi_hdmi_core/inst/i_up/i_core_rst_reg/clk
                         FDRE                                         r  i_system_wrapper/system_i/axi_hdmi_core/inst/i_up/i_core_rst_reg/rst_reg/C
  -------------------------------------------------------------------    -------------------
                         FDRE (Prop_fdre_C_Q)         0.147     0.720 f  i_system_wrapper/system_i/axi_hdmi_core/inst/i_up/i_core_rst_reg/rst_reg/Q
                         net (fo=273, unplaced)       0.198     0.918    i_system_wrapper/system_i/axi_hdmi_core/inst/i_tx_core/rst
                         FDCE                                         f  i_system_wrapper/system_i/axi_hdmi_core/inst/i_tx_core/hdmi_fs_ret_toggle_m1_reg/CLR
  -------------------------------------------------------------------    -------------------

                         (clock mmcm_clk_0_s rise edge)
                                                      0.000     0.000 r  
    PS7_X0Y0             PS7                          0.000     0.000 r  i_system_wrapper/system_i/sys_ps7/inst/PS7_i/FCLKCLK[1]
                         net (fo=1, unplaced)         0.355     0.355    i_system_wrapper/system_i/sys_ps7/inst/FCLK_CLK_unbuffered[1]
                         BUFG (Prop_bufg_I_O)         0.029     0.384 r  i_system_wrapper/system_i/sys_ps7/inst/buffer_fclk_clk_1.FCLK_CLK_1_BUFG/O
                         net (fo=2, unplaced)         0.259     0.643    i_system_wrapper/system_i/axi_hdmi_clkgen/inst/i_mmcm_drp/clk
                         MMCME2_ADV (Prop_mmcme2_adv_CLKIN1_CLKOUT0)
                                                     -0.643     0.000 r  i_system_wrapper/system_i/axi_hdmi_clkgen/inst/i_mmcm_drp/i_mmcm/CLKOUT0
                         net (fo=1, unplaced)         0.355     0.355    i_system_wrapper/system_i/axi_hdmi_clkgen/inst/i_mmcm_drp/mmcm_clk_0_s
                         BUFG (Prop_bufg_I_O)         0.029     0.384 r  i_system_wrapper/system_i/axi_hdmi_clkgen/inst/i_mmcm_drp/i_clk_0_bufg/O
                         net (fo=1259, unplaced)      0.355     0.739    i_system_wrapper/system_i/axi_hdmi_core/inst/i_tx_core/hdmi_clk
                         FDCE                                         r  i_system_wrapper/system_i/axi_hdmi_core/inst/i_tx_core/hdmi_fs_ret_toggle_m1_reg/C
                         clock pessimism             -0.021     0.718    
                         FDCE (Remov_fdce_C_CLR)     -0.141     0.577    i_system_wrapper/system_i/axi_hdmi_core/inst/i_tx_core/hdmi_fs_ret_toggle_m1_reg
  -------------------------------------------------------------------
                         required time                         -0.577    
                         arrival time                           0.918    
  -------------------------------------------------------------------
                         slack                                  0.341    





